12-24 21:53:59.178 train fine cities: ['train/aachen', 'train/bochum', 'train/bremen', 'train/cologne', 'train/darmstadt', 'train/dusseldorf', 'train/erfurt', 'train/hamburg', 'train/hanover', 'train/jena', 'train/krefeld', 'train/monchengladbach', 'train/strasbourg', 'train/stuttgart', 'train/tubingen', 'train/ulm', 'train/weimar', 'train/zurich']
12-24 21:53:59.221 Cityscapes-train: 2975 images
12-24 21:54:00.067 Class Uniform Percentage: 0.5
12-24 21:54:00.067 Class Uniform items per Epoch:2975
12-24 21:54:00.068 cls 0 len 5866
12-24 21:54:00.069 cls 1 len 5184
12-24 21:54:00.069 cls 2 len 5678
12-24 21:54:00.069 cls 3 len 1312
12-24 21:54:00.069 cls 4 len 1723
12-24 21:54:00.069 cls 5 len 5656
12-24 21:54:00.069 cls 6 len 2769
12-24 21:54:00.069 cls 7 len 4860
12-24 21:54:00.069 cls 8 len 5388
12-24 21:54:00.069 cls 9 len 2440
12-24 21:54:00.069 cls 10 len 4722
12-24 21:54:00.069 cls 11 len 3719
12-24 21:54:00.069 cls 12 len 1239
12-24 21:54:00.069 cls 13 len 5075
12-24 21:54:00.070 cls 14 len 444
12-24 21:54:00.070 cls 15 len 348
12-24 21:54:00.070 cls 16 len 188
12-24 21:54:00.070 cls 17 len 575
12-24 21:54:00.070 cls 18 len 2238
12-24 21:54:00.072 val fine cities: ['val/munster', 'val/frankfurt', 'val/lindau']
12-24 21:54:00.076 Cityscapes-val: 500 images
12-24 21:54:02.213 Model params = 16.071M
12-24 21:54:02.322 Loading weights from model /home/mist/HANet/logs/0101/m_os16_hanet/12_24_20/best_epoch_21_mean-iu_0.73882.pth
12-24 21:54:02.393 Checkpoint Load Compelete
12-24 21:54:38.805 [epoch 0], [iter 50 / 248 : 50], [loss 0.212045], [lr 0.000020], [lr_at 0.000020], [time 0.1089]
12-24 21:55:06.164 [epoch 0], [iter 100 / 248 : 100], [loss 0.220168], [lr 0.000020], [lr_at 0.000020], [time 0.0879]
12-24 21:55:33.633 [epoch 0], [iter 150 / 248 : 150], [loss 0.216122], [lr 0.000019], [lr_at 0.000019], [time 0.0882]
12-24 21:56:01.128 [epoch 0], [iter 200 / 248 : 200], [loss 0.241443], [lr 0.000019], [lr_at 0.000019], [time 0.0882]
12-24 21:56:30.814 validating: 1 / 250
12-24 21:56:33.803 validating: 21 / 250
12-24 21:56:36.633 validating: 41 / 250
12-24 21:56:39.453 validating: 61 / 250
12-24 21:56:42.272 validating: 81 / 250
12-24 21:56:45.065 validating: 101 / 250
12-24 21:56:47.857 validating: 121 / 250
12-24 21:56:50.617 validating: 141 / 250
12-24 21:56:53.398 validating: 161 / 250
12-24 21:56:56.182 validating: 181 / 250
12-24 21:56:58.966 validating: 201 / 250
12-24 21:57:01.740 validating: 221 / 250
12-24 21:57:04.500 validating: 241 / 250
12-24 21:57:05.863 IoU:
12-24 21:57:05.863 label_id      label    iU    Precision Recall TP     FP    FN
12-24 21:57:05.863  0                0    97.9    1.0       1.0   37.3     0.0     0.0
12-24 21:57:05.863  1                1    83.1    0.9       0.9    4.9     0.1     0.1
12-24 21:57:05.863  2                2    91.2    1.0       0.9   21.1     0.0     0.1
12-24 21:57:05.864  3                3    54.5    0.6       0.8    0.5     0.6     0.2
12-24 21:57:05.864  4                4    57.3    0.7       0.8    0.6     0.5     0.3
12-24 21:57:05.864  5                5    55.1    0.7       0.8    1.0     0.5     0.3
12-24 21:57:05.864  6                6    60.2    0.7       0.8    0.1     0.4     0.2
12-24 21:57:05.864  7                7    71.5    0.8       0.9    0.5     0.3     0.1
12-24 21:57:05.864  8                8    91.5    1.0       0.9   16.7     0.0     0.1
12-24 21:57:05.864  9                9    59.3    0.7       0.8    0.6     0.5     0.2
12-24 21:57:05.864 10               10    93.8    1.0       1.0    3.3     0.0     0.0
12-24 21:57:05.865 11               11    76.4    0.9       0.9    1.1     0.1     0.2
12-24 21:57:05.865 12               12    53.2    0.6       0.8    0.1     0.6     0.3
12-24 21:57:05.865 13               13    93.8    1.0       1.0    6.3     0.0     0.0
12-24 21:57:05.865 14               14    73.1    0.8       0.9    0.2     0.2     0.1
12-24 21:57:05.865 15               15    86.2    0.9       0.9    0.4     0.1     0.1
12-24 21:57:05.865 16               16    73.0    0.8       0.9    0.1     0.3     0.1
12-24 21:57:05.865 17               17    59.1    0.7       0.8    0.1     0.4     0.3
12-24 21:57:05.866 18               18    72.3    0.9       0.8    0.6     0.2     0.2
12-24 21:57:05.866 mean 0.7381094098091125
12-24 21:57:06.147 -----------------------------------------------------------------------------------------------------------
12-24 21:57:06.147 [epoch 1], [val loss 0.13413], [acc 0.95388], [acc_cls 0.81592], [mean_iu 0.73811], [fwavacc 0.91523]
12-24 21:57:06.147 best record: [val loss 0.13413], [acc 0.95388], [acc_cls 0.81592], [mean_iu 0.73811], [fwavacc 0.91523], [epoch 1], 
12-24 21:57:06.147 -----------------------------------------------------------------------------------------------------------
12-24 21:57:06.534 Class Uniform Percentage: 0.5
12-24 21:57:06.545 Class Uniform items per Epoch:2975
12-24 21:57:06.557 cls 0 len 5866
12-24 21:57:06.557 cls 1 len 5184
12-24 21:57:06.558 cls 2 len 5678
12-24 21:57:06.558 cls 3 len 1312
12-24 21:57:06.558 cls 4 len 1723
12-24 21:57:06.558 cls 5 len 5656
12-24 21:57:06.558 cls 6 len 2769
12-24 21:57:06.558 cls 7 len 4860
12-24 21:57:06.558 cls 8 len 5388
12-24 21:57:06.559 cls 9 len 2440
12-24 21:57:06.559 cls 10 len 4722
12-24 21:57:06.559 cls 11 len 3719
12-24 21:57:06.559 cls 12 len 1239
12-24 21:57:06.559 cls 13 len 5075
12-24 21:57:06.559 cls 14 len 444
12-24 21:57:06.559 cls 15 len 348
12-24 21:57:06.560 cls 16 len 188
12-24 21:57:06.560 cls 17 len 575
12-24 21:57:06.560 cls 18 len 2238
12-24 21:57:37.096 [epoch 1], [iter 50 / 248 : 298], [loss 0.222307], [lr 0.000019], [lr_at 0.000019], [time 0.0894]
12-24 21:58:04.922 [epoch 1], [iter 100 / 248 : 348], [loss 0.232249], [lr 0.000019], [lr_at 0.000019], [time 0.0893]
12-24 21:58:32.789 [epoch 1], [iter 150 / 248 : 398], [loss 0.220617], [lr 0.000019], [lr_at 0.000019], [time 0.0894]
12-24 21:59:00.544 [epoch 1], [iter 200 / 248 : 448], [loss 0.231575], [lr 0.000018], [lr_at 0.000018], [time 0.0890]
12-24 21:59:27.966 validating: 1 / 250
12-24 21:59:30.783 validating: 21 / 250
12-24 21:59:33.463 validating: 41 / 250
12-24 21:59:36.162 validating: 61 / 250
12-24 21:59:38.828 validating: 81 / 250
12-24 21:59:41.502 validating: 101 / 250
12-24 21:59:44.146 validating: 121 / 250
12-24 21:59:46.783 validating: 141 / 250
12-24 21:59:49.441 validating: 161 / 250
12-24 21:59:52.106 validating: 181 / 250
12-24 21:59:54.783 validating: 201 / 250
12-24 21:59:57.439 validating: 221 / 250
12-24 22:00:00.062 validating: 241 / 250
12-24 22:00:02.687 IoU:
12-24 22:00:02.687 label_id      label    iU    Precision Recall TP     FP    FN
12-24 22:00:02.687  0                0    97.9    1.0       1.0   37.3     0.0     0.0
12-24 22:00:02.687  1                1    83.0    0.9       0.9    4.9     0.1     0.1
12-24 22:00:02.687  2                2    91.2    1.0       0.9   21.1     0.0     0.1
12-24 22:00:02.687  3                3    55.1    0.6       0.8    0.5     0.6     0.2
12-24 22:00:02.688  4                4    57.7    0.7       0.8    0.6     0.4     0.3
12-24 22:00:02.688  5                5    55.4    0.7       0.8    1.0     0.5     0.3
12-24 22:00:02.688  6                6    60.5    0.7       0.8    0.1     0.4     0.3
12-24 22:00:02.688  7                7    71.7    0.8       0.9    0.5     0.2     0.1
12-24 22:00:02.688  8                8    91.5    1.0       0.9   16.7     0.0     0.1
12-24 22:00:02.688  9                9    58.8    0.7       0.8    0.6     0.5     0.2
12-24 22:00:02.688 10               10    93.7    1.0       1.0    3.3     0.0     0.0
12-24 22:00:02.688 11               11    76.4    0.9       0.9    1.1     0.1     0.2
12-24 22:00:02.689 12               12    53.5    0.7       0.8    0.1     0.5     0.3
12-24 22:00:02.689 13               13    93.9    1.0       1.0    6.3     0.0     0.0
12-24 22:00:02.689 14               14    73.3    0.8       0.9    0.2     0.2     0.2
12-24 22:00:02.689 15               15    84.1    0.9       0.9    0.4     0.1     0.1
12-24 22:00:02.689 16               16    68.6    0.7       0.9    0.1     0.4     0.1
12-24 22:00:02.689 17               17    59.2    0.7       0.8    0.1     0.4     0.3
12-24 22:00:02.689 18               18    72.5    0.9       0.8    0.6     0.2     0.2
12-24 22:00:02.690 mean 0.735617995262146
12-24 22:00:02.916 -----------------------------------------------------------------------------------------------------------
12-24 22:00:02.916 [epoch 2], [val loss 0.13380], [acc 0.95378], [acc_cls 0.81495], [mean_iu 0.73562], [fwavacc 0.91515]
12-24 22:00:02.916 best record: [val loss 0.13413], [acc 0.95388], [acc_cls 0.81592], [mean_iu 0.73811], [fwavacc 0.91523], [epoch 1], 
12-24 22:00:02.916 -----------------------------------------------------------------------------------------------------------
12-24 22:00:03.281 Class Uniform Percentage: 0.5
12-24 22:00:03.287 Class Uniform items per Epoch:2975
12-24 22:00:03.302 cls 0 len 5866
12-24 22:00:03.302 cls 1 len 5184
12-24 22:00:03.302 cls 2 len 5678
12-24 22:00:03.302 cls 3 len 1312
12-24 22:00:03.302 cls 4 len 1723
12-24 22:00:03.302 cls 5 len 5656
12-24 22:00:03.302 cls 6 len 2769
12-24 22:00:03.302 cls 7 len 4860
12-24 22:00:03.303 cls 8 len 5388
12-24 22:00:03.303 cls 9 len 2440
12-24 22:00:03.303 cls 10 len 4722
12-24 22:00:03.303 cls 11 len 3719
12-24 22:00:03.303 cls 12 len 1239
12-24 22:00:03.303 cls 13 len 5075
12-24 22:00:03.303 cls 14 len 444
12-24 22:00:03.304 cls 15 len 348
12-24 22:00:03.304 cls 16 len 188
12-24 22:00:03.304 cls 17 len 575
12-24 22:00:03.304 cls 18 len 2238
12-24 22:00:33.709 [epoch 2], [iter 50 / 248 : 546], [loss 0.223558], [lr 0.000018], [lr_at 0.000018], [time 0.0893]
12-24 22:01:01.583 [epoch 2], [iter 100 / 248 : 596], [loss 0.224975], [lr 0.000018], [lr_at 0.000018], [time 0.0894]
12-24 22:01:29.574 [epoch 2], [iter 150 / 248 : 646], [loss 0.230918], [lr 0.000018], [lr_at 0.000018], [time 0.0898]
12-24 22:01:57.639 [epoch 2], [iter 200 / 248 : 696], [loss 0.216818], [lr 0.000017], [lr_at 0.000017], [time 0.0900]
12-24 22:02:25.032 validating: 1 / 250
12-24 22:02:27.871 validating: 21 / 250
12-24 22:02:30.567 validating: 41 / 250
12-24 22:02:33.273 validating: 61 / 250
12-24 22:02:35.978 validating: 81 / 250
12-24 22:02:38.678 validating: 101 / 250
12-24 22:02:41.332 validating: 121 / 250
12-24 22:02:43.980 validating: 141 / 250
12-24 22:02:46.645 validating: 161 / 250
12-24 22:02:49.311 validating: 181 / 250
12-24 22:02:52.004 validating: 201 / 250
12-24 22:02:54.674 validating: 221 / 250
12-24 22:02:57.307 validating: 241 / 250
12-24 22:02:59.843 IoU:
12-24 22:02:59.843 label_id      label    iU    Precision Recall TP     FP    FN
12-24 22:02:59.844  0                0    97.9    1.0       1.0   37.2     0.0     0.0
12-24 22:02:59.844  1                1    83.0    0.9       0.9    4.9     0.1     0.1
12-24 22:02:59.844  2                2    91.3    1.0       0.9   21.1     0.0     0.1
12-24 22:02:59.844  3                3    54.1    0.6       0.8    0.5     0.6     0.2
12-24 22:02:59.844  4                4    58.2    0.7       0.7    0.6     0.4     0.3
12-24 22:02:59.844  5                5    55.3    0.7       0.8    1.0     0.5     0.3
12-24 22:02:59.844  6                6    60.2    0.7       0.8    0.1     0.4     0.2
12-24 22:02:59.845  7                7    71.6    0.8       0.9    0.5     0.3     0.1
12-24 22:02:59.845  8                8    91.5    1.0       0.9   16.7     0.0     0.1
12-24 22:02:59.845  9                9    59.4    0.7       0.8    0.6     0.5     0.2
12-24 22:02:59.845 10               10    93.8    1.0       1.0    3.3     0.0     0.0
12-24 22:02:59.845 11               11    76.5    0.9       0.9    1.1     0.1     0.2
12-24 22:02:59.845 12               12    53.9    0.7       0.7    0.1     0.5     0.4
12-24 22:02:59.845 13               13    93.8    1.0       1.0    6.3     0.0     0.0
12-24 22:02:59.846 14               14    72.5    0.8       0.9    0.2     0.3     0.1
12-24 22:02:59.846 15               15    85.4    0.9       0.9    0.4     0.1     0.1
12-24 22:02:59.846 16               16    71.8    0.8       0.9    0.1     0.3     0.1
12-24 22:02:59.846 17               17    59.4    0.7       0.8    0.1     0.4     0.3
12-24 22:02:59.846 18               18    72.4    0.8       0.8    0.6     0.2     0.2
12-24 22:02:59.846 mean 0.7377689480781555
12-24 22:03:00.009 -----------------------------------------------------------------------------------------------------------
12-24 22:03:00.010 [epoch 3], [val loss 0.13402], [acc 0.95381], [acc_cls 0.81577], [mean_iu 0.73777], [fwavacc 0.91520]
12-24 22:03:00.010 best record: [val loss 0.13413], [acc 0.95388], [acc_cls 0.81592], [mean_iu 0.73811], [fwavacc 0.91523], [epoch 1], 
12-24 22:03:00.010 -----------------------------------------------------------------------------------------------------------
12-24 22:03:00.388 Class Uniform Percentage: 0.5
12-24 22:03:00.398 Class Uniform items per Epoch:2975
12-24 22:03:00.408 cls 0 len 5866
12-24 22:03:00.409 cls 1 len 5184
12-24 22:03:00.409 cls 2 len 5678
12-24 22:03:00.409 cls 3 len 1312
12-24 22:03:00.409 cls 4 len 1723
12-24 22:03:00.409 cls 5 len 5656
12-24 22:03:00.409 cls 6 len 2769
12-24 22:03:00.409 cls 7 len 4860
12-24 22:03:00.409 cls 8 len 5388
12-24 22:03:00.410 cls 9 len 2440
12-24 22:03:00.410 cls 10 len 4722
12-24 22:03:00.410 cls 11 len 3719
12-24 22:03:00.410 cls 12 len 1239
12-24 22:03:00.410 cls 13 len 5075
12-24 22:03:00.410 cls 14 len 444
12-24 22:03:00.410 cls 15 len 348
12-24 22:03:00.410 cls 16 len 188
12-24 22:03:00.411 cls 17 len 575
12-24 22:03:00.411 cls 18 len 2238
12-24 22:03:30.847 [epoch 3], [iter 50 / 248 : 794], [loss 0.225565], [lr 0.000017], [lr_at 0.000017], [time 0.0890]
12-24 22:03:58.666 [epoch 3], [iter 100 / 248 : 844], [loss 0.220721], [lr 0.000017], [lr_at 0.000017], [time 0.0891]
12-24 22:04:26.682 [epoch 3], [iter 150 / 248 : 894], [loss 0.223604], [lr 0.000017], [lr_at 0.000017], [time 0.0897]
12-24 22:04:54.514 [epoch 3], [iter 200 / 248 : 944], [loss 0.218036], [lr 0.000017], [lr_at 0.000017], [time 0.0890]
12-24 22:05:21.880 validating: 1 / 250
12-24 22:05:24.689 validating: 21 / 250
12-24 22:05:27.381 validating: 41 / 250
12-24 22:05:30.091 validating: 61 / 250
12-24 22:05:32.779 validating: 81 / 250
12-24 22:05:35.453 validating: 101 / 250
12-24 22:05:38.109 validating: 121 / 250
12-24 22:05:40.749 validating: 141 / 250
12-24 22:05:43.407 validating: 161 / 250
12-24 22:05:46.046 validating: 181 / 250
12-24 22:05:48.708 validating: 201 / 250
12-24 22:05:51.357 validating: 221 / 250
12-24 22:05:53.977 validating: 241 / 250
12-24 22:05:56.840 IoU:
12-24 22:05:56.840 label_id      label    iU    Precision Recall TP     FP    FN
12-24 22:05:56.840  0                0    97.9    1.0       1.0   37.3     0.0     0.0
12-24 22:05:56.840  1                1    82.9    0.9       0.9    4.9     0.1     0.1
12-24 22:05:56.841  2                2    91.3    1.0       0.9   21.0     0.0     0.1
12-24 22:05:56.841  3                3    54.3    0.6       0.8    0.5     0.6     0.2
12-24 22:05:56.841  4                4    58.2    0.7       0.7    0.6     0.4     0.3
12-24 22:05:56.841  5                5    55.1    0.7       0.8    1.0     0.5     0.3
12-24 22:05:56.841  6                6    59.9    0.7       0.8    0.1     0.4     0.2
12-24 22:05:56.841  7                7    71.5    0.8       0.9    0.5     0.3     0.1
12-24 22:05:56.841  8                8    91.4    1.0       0.9   16.7     0.0     0.1
12-24 22:05:56.842  9                9    58.3    0.7       0.8    0.6     0.5     0.2
12-24 22:05:56.842 10               10    93.7    1.0       1.0    3.3     0.0     0.0
12-24 22:05:56.842 11               11    76.4    0.9       0.9    1.1     0.1     0.2
12-24 22:05:56.842 12               12    52.9    0.6       0.8    0.1     0.6     0.3
12-24 22:05:56.842 13               13    93.8    1.0       1.0    6.3     0.0     0.0
12-24 22:05:56.842 14               14    73.4    0.8       0.9    0.2     0.2     0.1
12-24 22:05:56.842 15               15    84.2    0.9       0.9    0.4     0.1     0.1
12-24 22:05:56.842 16               16    67.6    0.7       0.9    0.1     0.4     0.1
12-24 22:05:56.843 17               17    59.6    0.7       0.8    0.1     0.4     0.2
12-24 22:05:56.843 18               18    72.4    0.9       0.8    0.6     0.2     0.2
12-24 22:05:56.843 mean 0.7340739965438843
12-24 22:05:57.000 -----------------------------------------------------------------------------------------------------------
12-24 22:05:57.000 [epoch 4], [val loss 0.13440], [acc 0.95360], [acc_cls 0.81222], [mean_iu 0.73407], [fwavacc 0.91479]
12-24 22:05:57.000 best record: [val loss 0.13413], [acc 0.95388], [acc_cls 0.81592], [mean_iu 0.73811], [fwavacc 0.91523], [epoch 1], 
12-24 22:05:57.000 -----------------------------------------------------------------------------------------------------------
12-24 22:05:57.357 Class Uniform Percentage: 0.5
12-24 22:05:57.368 Class Uniform items per Epoch:2975
12-24 22:05:57.379 cls 0 len 5866
12-24 22:05:57.380 cls 1 len 5184
12-24 22:05:57.380 cls 2 len 5678
12-24 22:05:57.380 cls 3 len 1312
12-24 22:05:57.380 cls 4 len 1723
12-24 22:05:57.380 cls 5 len 5656
12-24 22:05:57.380 cls 6 len 2769
12-24 22:05:57.380 cls 7 len 4860
12-24 22:05:57.381 cls 8 len 5388
12-24 22:05:57.381 cls 9 len 2440
12-24 22:05:57.381 cls 10 len 4722
12-24 22:05:57.381 cls 11 len 3719
12-24 22:05:57.381 cls 12 len 1239
12-24 22:05:57.381 cls 13 len 5075
12-24 22:05:57.381 cls 14 len 444
12-24 22:05:57.382 cls 15 len 348
12-24 22:05:57.382 cls 16 len 188
12-24 22:05:57.382 cls 17 len 575
12-24 22:05:57.382 cls 18 len 2238
12-24 22:06:27.676 [epoch 4], [iter 50 / 248 : 1042], [loss 0.219438], [lr 0.000016], [lr_at 0.000016], [time 0.0886]
12-24 22:06:55.134 [epoch 4], [iter 100 / 248 : 1092], [loss 0.223580], [lr 0.000016], [lr_at 0.000016], [time 0.0886]
12-24 22:07:22.648 [epoch 4], [iter 150 / 248 : 1142], [loss 0.220226], [lr 0.000016], [lr_at 0.000016], [time 0.0888]
12-24 22:07:50.157 [epoch 4], [iter 200 / 248 : 1192], [loss 0.228427], [lr 0.000016], [lr_at 0.000016], [time 0.0888]
12-24 22:08:17.256 validating: 1 / 250
12-24 22:08:20.088 validating: 21 / 250
12-24 22:08:22.763 validating: 41 / 250
12-24 22:08:25.447 validating: 61 / 250
12-24 22:08:28.140 validating: 81 / 250
12-24 22:08:30.820 validating: 101 / 250
12-24 22:08:33.475 validating: 121 / 250
12-24 22:08:36.130 validating: 141 / 250
12-24 22:08:38.790 validating: 161 / 250
12-24 22:08:41.444 validating: 181 / 250
12-24 22:08:44.103 validating: 201 / 250
12-24 22:08:46.759 validating: 221 / 250
12-24 22:08:49.389 validating: 241 / 250
12-24 22:08:52.711 IoU:
12-24 22:08:52.712 label_id      label    iU    Precision Recall TP     FP    FN
12-24 22:08:52.712  0                0    97.9    1.0       1.0   37.3     0.0     0.0
12-24 22:08:52.712  1                1    83.1    0.9       0.9    4.9     0.1     0.1
12-24 22:08:52.712  2                2    91.2    1.0       0.9   21.0     0.0     0.1
12-24 22:08:52.712  3                3    54.1    0.6       0.8    0.5     0.6     0.2
12-24 22:08:52.712  4                4    57.7    0.7       0.8    0.6     0.4     0.3
12-24 22:08:52.712  5                5    55.4    0.7       0.8    1.0     0.5     0.3
12-24 22:08:52.713  6                6    60.0    0.7       0.8    0.1     0.4     0.2
12-24 22:08:52.713  7                7    71.8    0.8       0.9    0.5     0.2     0.2
12-24 22:08:52.713  8                8    91.4    1.0       0.9   16.7     0.0     0.1
12-24 22:08:52.713  9                9    59.4    0.7       0.8    0.6     0.5     0.2
12-24 22:08:52.713 10               10    93.5    1.0       1.0    3.3     0.0     0.0
12-24 22:08:52.713 11               11    76.2    0.9       0.8    1.1     0.1     0.2
12-24 22:08:52.713 12               12    53.1    0.6       0.7    0.1     0.5     0.3
12-24 22:08:52.713 13               13    93.8    1.0       1.0    6.3     0.0     0.0
12-24 22:08:52.714 14               14    72.2    0.8       0.9    0.2     0.3     0.1
12-24 22:08:52.714 15               15    85.3    0.9       0.9    0.4     0.1     0.1
12-24 22:08:52.714 16               16    71.2    0.8       0.9    0.1     0.3     0.1
12-24 22:08:52.714 17               17    58.9    0.7       0.8    0.1     0.4     0.3
12-24 22:08:52.714 18               18    72.5    0.8       0.8    0.6     0.2     0.2
12-24 22:08:52.714 mean 0.7361159324645996
12-24 22:08:52.872 -----------------------------------------------------------------------------------------------------------
12-24 22:08:52.872 [epoch 5], [val loss 0.13458], [acc 0.95368], [acc_cls 0.81423], [mean_iu 0.73612], [fwavacc 0.91492]
12-24 22:08:52.872 best record: [val loss 0.13413], [acc 0.95388], [acc_cls 0.81592], [mean_iu 0.73811], [fwavacc 0.91523], [epoch 1], 
12-24 22:08:52.872 -----------------------------------------------------------------------------------------------------------
12-24 22:08:53.242 Class Uniform Percentage: 0.5
12-24 22:08:53.247 Class Uniform items per Epoch:2975
12-24 22:08:53.262 cls 0 len 5866
12-24 22:08:53.262 cls 1 len 5184
12-24 22:08:53.262 cls 2 len 5678
12-24 22:08:53.262 cls 3 len 1312
12-24 22:08:53.263 cls 4 len 1723
12-24 22:08:53.263 cls 5 len 5656
12-24 22:08:53.263 cls 6 len 2769
12-24 22:08:53.263 cls 7 len 4860
12-24 22:08:53.263 cls 8 len 5388
12-24 22:08:53.263 cls 9 len 2440
12-24 22:08:53.263 cls 10 len 4722
12-24 22:08:53.264 cls 11 len 3719
12-24 22:08:53.264 cls 12 len 1239
12-24 22:08:53.264 cls 13 len 5075
12-24 22:08:53.264 cls 14 len 444
12-24 22:08:53.264 cls 15 len 348
12-24 22:08:53.264 cls 16 len 188
12-24 22:08:53.264 cls 17 len 575
12-24 22:08:53.264 cls 18 len 2238
12-24 22:09:23.452 [epoch 5], [iter 50 / 248 : 1290], [loss 0.227155], [lr 0.000015], [lr_at 0.000015], [time 0.0888]
12-24 22:09:50.962 [epoch 5], [iter 100 / 248 : 1340], [loss 0.223855], [lr 0.000015], [lr_at 0.000015], [time 0.0889]
12-24 22:10:18.483 [epoch 5], [iter 150 / 248 : 1390], [loss 0.230211], [lr 0.000015], [lr_at 0.000015], [time 0.0889]
12-24 22:10:45.993 [epoch 5], [iter 200 / 248 : 1440], [loss 0.223431], [lr 0.000015], [lr_at 0.000015], [time 0.0889]
12-24 22:11:13.057 validating: 1 / 250
12-24 22:11:15.863 validating: 21 / 250
12-24 22:11:18.547 validating: 41 / 250
12-24 22:11:21.245 validating: 61 / 250
12-24 22:11:23.934 validating: 81 / 250
12-24 22:11:26.607 validating: 101 / 250
12-24 22:11:29.260 validating: 121 / 250
12-24 22:11:31.905 validating: 141 / 250
12-24 22:11:34.575 validating: 161 / 250
12-24 22:11:37.225 validating: 181 / 250
12-24 22:11:39.907 validating: 201 / 250
12-24 22:11:42.563 validating: 221 / 250
12-24 22:11:45.199 validating: 241 / 250
12-24 22:11:48.053 IoU:
12-24 22:11:48.053 label_id      label    iU    Precision Recall TP     FP    FN
12-24 22:11:48.053  0                0    97.9    1.0       1.0   37.3     0.0     0.0
12-24 22:11:48.053  1                1    83.0    0.9       0.9    4.9     0.1     0.1
12-24 22:11:48.054  2                2    91.3    1.0       0.9   21.1     0.0     0.1
12-24 22:11:48.054  3                3    54.4    0.6       0.8    0.5     0.6     0.2
12-24 22:11:48.054  4                4    58.2    0.7       0.8    0.6     0.4     0.3
12-24 22:11:48.054  5                5    55.2    0.7       0.8    1.0     0.5     0.3
12-24 22:11:48.054  6                6    59.9    0.7       0.8    0.1     0.4     0.2
12-24 22:11:48.054  7                7    71.7    0.8       0.9    0.5     0.2     0.1
12-24 22:11:48.054  8                8    91.5    1.0       0.9   16.7     0.0     0.1
12-24 22:11:48.055  9                9    59.4    0.7       0.8    0.6     0.5     0.2
12-24 22:11:48.055 10               10    93.7    1.0       1.0    3.3     0.0     0.0
12-24 22:11:48.055 11               11    76.4    0.9       0.9    1.1     0.1     0.2
12-24 22:11:48.055 12               12    53.7    0.7       0.7    0.1     0.5     0.3
12-24 22:11:48.055 13               13    93.8    1.0       1.0    6.4     0.0     0.0
12-24 22:11:48.055 14               14    72.9    0.8       0.9    0.2     0.2     0.1
12-24 22:11:48.055 15               15    86.2    0.9       0.9    0.4     0.1     0.1
12-24 22:11:48.056 16               16    74.1    0.8       0.9    0.1     0.2     0.1
12-24 22:11:48.056 17               17    58.6    0.7       0.8    0.1     0.5     0.3
12-24 22:11:48.056 18               18    72.5    0.8       0.8    0.6     0.2     0.2
12-24 22:11:48.056 mean 0.7392027974128723
12-24 22:11:48.368 -----------------------------------------------------------------------------------------------------------
12-24 22:11:48.368 [epoch 6], [val loss 0.13390], [acc 0.95395], [acc_cls 0.81776], [mean_iu 0.73920], [fwavacc 0.91539]
12-24 22:11:48.369 best record: [val loss 0.13390], [acc 0.95395], [acc_cls 0.81776], [mean_iu 0.73920], [fwavacc 0.91539], [epoch 6], 
12-24 22:11:48.369 -----------------------------------------------------------------------------------------------------------
12-24 22:11:48.732 Class Uniform Percentage: 0.5
12-24 22:11:48.732 Class Uniform items per Epoch:2975
12-24 22:11:48.749 cls 0 len 5866
12-24 22:11:48.752 cls 1 len 5184
12-24 22:11:48.752 cls 2 len 5678
12-24 22:11:48.753 cls 3 len 1312
12-24 22:11:48.753 cls 4 len 1723
12-24 22:11:48.753 cls 5 len 5656
12-24 22:11:48.753 cls 6 len 2769
12-24 22:11:48.753 cls 7 len 4860
12-24 22:11:48.753 cls 8 len 5388
12-24 22:11:48.753 cls 9 len 2440
12-24 22:11:48.754 cls 10 len 4722
12-24 22:11:48.754 cls 11 len 3719
12-24 22:11:48.754 cls 12 len 1239
12-24 22:11:48.754 cls 13 len 5075
12-24 22:11:48.754 cls 14 len 444
12-24 22:11:48.754 cls 15 len 348
12-24 22:11:48.754 cls 16 len 188
12-24 22:11:48.754 cls 17 len 575
12-24 22:11:48.755 cls 18 len 2238
12-24 22:12:19.035 [epoch 6], [iter 50 / 248 : 1538], [loss 0.227400], [lr 0.000014], [lr_at 0.000014], [time 0.0897]
12-24 22:12:46.645 [epoch 6], [iter 100 / 248 : 1588], [loss 0.219560], [lr 0.000014], [lr_at 0.000014], [time 0.0890]
12-24 22:13:14.389 [epoch 6], [iter 150 / 248 : 1638], [loss 0.224217], [lr 0.000014], [lr_at 0.000014], [time 0.0894]
12-24 22:13:42.171 [epoch 6], [iter 200 / 248 : 1688], [loss 0.218005], [lr 0.000014], [lr_at 0.000014], [time 0.0895]
12-24 22:14:09.469 validating: 1 / 250
12-24 22:14:12.316 validating: 21 / 250
12-24 22:14:15.039 validating: 41 / 250
12-24 22:14:17.764 validating: 61 / 250
12-24 22:14:20.469 validating: 81 / 250
12-24 22:14:23.173 validating: 101 / 250
12-24 22:14:25.846 validating: 121 / 250
12-24 22:14:28.516 validating: 141 / 250
12-24 22:14:31.207 validating: 161 / 250
12-24 22:14:33.886 validating: 181 / 250
12-24 22:14:36.560 validating: 201 / 250
12-24 22:14:39.221 validating: 221 / 250
12-24 22:14:41.861 validating: 241 / 250
12-24 22:14:44.282 IoU:
12-24 22:14:44.282 label_id      label    iU    Precision Recall TP     FP    FN
12-24 22:14:44.283  0                0    97.9    1.0       1.0   37.3     0.0     0.0
12-24 22:14:44.283  1                1    83.0    0.9       0.9    4.9     0.1     0.1
12-24 22:14:44.283  2                2    91.2    1.0       0.9   21.1     0.0     0.1
12-24 22:14:44.283  3                3    53.7    0.6       0.8    0.4     0.6     0.2
12-24 22:14:44.283  4                4    57.9    0.7       0.8    0.6     0.4     0.3
12-24 22:14:44.283  5                5    55.3    0.7       0.8    1.0     0.5     0.3
12-24 22:14:44.283  6                6    60.3    0.7       0.8    0.1     0.4     0.2
12-24 22:14:44.283  7                7    71.6    0.8       0.9    0.5     0.2     0.1
12-24 22:14:44.284  8                8    91.4    1.0       0.9   16.7     0.0     0.1
12-24 22:14:44.284  9                9    58.7    0.7       0.8    0.5     0.5     0.2
12-24 22:14:44.284 10               10    93.7    1.0       1.0    3.3     0.0     0.0
12-24 22:14:44.284 11               11    76.4    0.9       0.9    1.1     0.1     0.2
12-24 22:14:44.284 12               12    53.9    0.7       0.7    0.1     0.5     0.3
12-24 22:14:44.284 13               13    93.8    1.0       1.0    6.3     0.0     0.0
12-24 22:14:44.284 14               14    72.5    0.8       0.9    0.2     0.3     0.1
12-24 22:14:44.284 15               15    85.1    0.9       0.9    0.4     0.1     0.1
12-24 22:14:44.285 16               16    70.2    0.7       0.9    0.1     0.3     0.1
12-24 22:14:44.285 17               17    58.7    0.7       0.8    0.1     0.4     0.3
12-24 22:14:44.285 18               18    72.5    0.8       0.8    0.6     0.2     0.2
12-24 22:14:44.285 mean 0.735639750957489
12-24 22:14:44.444 -----------------------------------------------------------------------------------------------------------
12-24 22:14:44.444 [epoch 7], [val loss 0.13448], [acc 0.95376], [acc_cls 0.81279], [mean_iu 0.73564], [fwavacc 0.91502]
12-24 22:14:44.444 best record: [val loss 0.13390], [acc 0.95395], [acc_cls 0.81776], [mean_iu 0.73920], [fwavacc 0.91539], [epoch 6], 
12-24 22:14:44.444 -----------------------------------------------------------------------------------------------------------
12-24 22:14:44.786 Class Uniform Percentage: 0.5
12-24 22:14:44.797 Class Uniform items per Epoch:2975
12-24 22:14:44.805 cls 0 len 5866
12-24 22:14:44.806 cls 1 len 5184
12-24 22:14:44.806 cls 2 len 5678
12-24 22:14:44.806 cls 3 len 1312
12-24 22:14:44.806 cls 4 len 1723
12-24 22:14:44.806 cls 5 len 5656
12-24 22:14:44.806 cls 6 len 2769
12-24 22:14:44.806 cls 7 len 4860
12-24 22:14:44.806 cls 8 len 5388
12-24 22:14:44.806 cls 9 len 2440
12-24 22:14:44.806 cls 10 len 4722
12-24 22:14:44.807 cls 11 len 3719
12-24 22:14:44.807 cls 12 len 1239
12-24 22:14:44.807 cls 13 len 5075
12-24 22:14:44.807 cls 14 len 444
12-24 22:14:44.807 cls 15 len 348
12-24 22:14:44.807 cls 16 len 188
12-24 22:14:44.807 cls 17 len 575
12-24 22:14:44.807 cls 18 len 2238
12-24 22:15:14.865 [epoch 7], [iter 50 / 248 : 1786], [loss 0.210446], [lr 0.000013], [lr_at 0.000013], [time 0.0884]
12-24 22:15:42.621 [epoch 7], [iter 100 / 248 : 1836], [loss 0.228476], [lr 0.000013], [lr_at 0.000013], [time 0.0897]
12-24 22:16:10.571 [epoch 7], [iter 150 / 248 : 1886], [loss 0.230773], [lr 0.000013], [lr_at 0.000013], [time 0.0903]
12-24 22:16:38.088 [epoch 7], [iter 200 / 248 : 1936], [loss 0.213397], [lr 0.000013], [lr_at 0.000013], [time 0.0888]
12-24 22:17:05.143 validating: 1 / 250
12-24 22:17:07.976 validating: 21 / 250
12-24 22:17:10.689 validating: 41 / 250
12-24 22:17:13.396 validating: 61 / 250
12-24 22:17:16.092 validating: 81 / 250
12-24 22:17:18.789 validating: 101 / 250
12-24 22:17:21.457 validating: 121 / 250
12-24 22:17:24.111 validating: 141 / 250
12-24 22:17:26.790 validating: 161 / 250
12-24 22:17:29.465 validating: 181 / 250
12-24 22:17:32.149 validating: 201 / 250
12-24 22:17:34.836 validating: 221 / 250
12-24 22:17:37.486 validating: 241 / 250
12-24 22:17:40.719 IoU:
12-24 22:17:40.719 label_id      label    iU    Precision Recall TP     FP    FN
12-24 22:17:40.719  0                0    97.9    1.0       1.0   37.3     0.0     0.0
12-24 22:17:40.720  1                1    83.0    0.9       0.9    4.9     0.1     0.1
12-24 22:17:40.720  2                2    91.3    1.0       1.0   21.0     0.0     0.1
12-24 22:17:40.720  3                3    55.1    0.6       0.8    0.5     0.6     0.2
12-24 22:17:40.720  4                4    58.3    0.7       0.8    0.6     0.4     0.3
12-24 22:17:40.720  5                5    55.4    0.7       0.8    1.0     0.5     0.3
12-24 22:17:40.720  6                6    60.3    0.7       0.8    0.1     0.4     0.2
12-24 22:17:40.720  7                7    71.7    0.8       0.9    0.5     0.3     0.1
12-24 22:17:40.721  8                8    91.4    1.0       0.9   16.7     0.0     0.1
12-24 22:17:40.721  9                9    59.2    0.7       0.8    0.6     0.5     0.2
12-24 22:17:40.721 10               10    93.7    1.0       1.0    3.3     0.0     0.0
12-24 22:17:40.721 11               11    76.5    0.9       0.9    1.1     0.1     0.2
12-24 22:17:40.721 12               12    53.4    0.7       0.7    0.1     0.5     0.3
12-24 22:17:40.721 13               13    93.8    1.0       1.0    6.3     0.0     0.0
12-24 22:17:40.722 14               14    72.0    0.8       0.9    0.2     0.2     0.1
12-24 22:17:40.722 15               15    85.3    0.9       0.9    0.3     0.1     0.1
12-24 22:17:40.722 16               16    73.7    0.8       0.9    0.1     0.3     0.1
12-24 22:17:40.722 17               17    59.1    0.7       0.8    0.1     0.4     0.3
12-24 22:17:40.722 18               18    72.4    0.8       0.8    0.6     0.2     0.2
12-24 22:17:40.722 mean 0.7386664152145386
12-24 22:17:40.881 -----------------------------------------------------------------------------------------------------------
12-24 22:17:40.881 [epoch 8], [val loss 0.13366], [acc 0.95383], [acc_cls 0.81763], [mean_iu 0.73867], [fwavacc 0.91528]
12-24 22:17:40.881 best record: [val loss 0.13390], [acc 0.95395], [acc_cls 0.81776], [mean_iu 0.73920], [fwavacc 0.91539], [epoch 6], 
12-24 22:17:40.882 -----------------------------------------------------------------------------------------------------------
12-24 22:17:41.247 Class Uniform Percentage: 0.5
12-24 22:17:41.252 Class Uniform items per Epoch:2975
12-24 22:17:41.269 cls 0 len 5866
12-24 22:17:41.270 cls 1 len 5184
12-24 22:17:41.270 cls 2 len 5678
12-24 22:17:41.270 cls 3 len 1312
12-24 22:17:41.270 cls 4 len 1723
12-24 22:17:41.270 cls 5 len 5656
12-24 22:17:41.270 cls 6 len 2769
12-24 22:17:41.271 cls 7 len 4860
12-24 22:17:41.271 cls 8 len 5388
12-24 22:17:41.271 cls 9 len 2440
12-24 22:17:41.271 cls 10 len 4722
12-24 22:17:41.271 cls 11 len 3719
12-24 22:17:41.272 cls 12 len 1239
12-24 22:17:41.272 cls 13 len 5075
12-24 22:17:41.272 cls 14 len 444
12-24 22:17:41.272 cls 15 len 348
12-24 22:17:41.272 cls 16 len 188
12-24 22:17:41.272 cls 17 len 575
12-24 22:17:41.272 cls 18 len 2238
12-24 22:18:11.582 [epoch 8], [iter 50 / 248 : 2034], [loss 0.236029], [lr 0.000013], [lr_at 0.000013], [time 0.0889]
12-24 22:18:39.179 [epoch 8], [iter 100 / 248 : 2084], [loss 0.214525], [lr 0.000012], [lr_at 0.000012], [time 0.0891]
12-24 22:19:06.699 [epoch 8], [iter 150 / 248 : 2134], [loss 0.227015], [lr 0.000012], [lr_at 0.000012], [time 0.0888]
12-24 22:19:34.275 [epoch 8], [iter 200 / 248 : 2184], [loss 0.222311], [lr 0.000012], [lr_at 0.000012], [time 0.0890]
12-24 22:20:01.293 validating: 1 / 250
12-24 22:20:04.104 validating: 21 / 250
12-24 22:20:06.792 validating: 41 / 250
12-24 22:20:09.485 validating: 61 / 250
12-24 22:20:12.161 validating: 81 / 250
12-24 22:20:14.830 validating: 101 / 250
12-24 22:20:17.475 validating: 121 / 250
12-24 22:20:20.124 validating: 141 / 250
12-24 22:20:22.797 validating: 161 / 250
12-24 22:20:25.447 validating: 181 / 250
12-24 22:20:28.108 validating: 201 / 250
12-24 22:20:30.774 validating: 221 / 250
12-24 22:20:33.407 validating: 241 / 250
12-24 22:20:36.429 IoU:
12-24 22:20:36.429 label_id      label    iU    Precision Recall TP     FP    FN
12-24 22:20:36.429  0                0    97.9    1.0       1.0   37.3     0.0     0.0
12-24 22:20:36.429  1                1    83.1    0.9       0.9    4.9     0.1     0.1
12-24 22:20:36.430  2                2    91.3    1.0       0.9   21.0     0.0     0.1
12-24 22:20:36.430  3                3    55.2    0.6       0.8    0.5     0.6     0.2
12-24 22:20:36.430  4                4    57.8    0.7       0.8    0.6     0.4     0.3
12-24 22:20:36.430  5                5    55.6    0.7       0.8    1.0     0.5     0.3
12-24 22:20:36.430  6                6    60.6    0.7       0.8    0.1     0.4     0.3
12-24 22:20:36.430  7                7    71.5    0.8       0.9    0.5     0.3     0.1
12-24 22:20:36.430  8                8    91.5    1.0       0.9   16.7     0.0     0.1
12-24 22:20:36.430  9                9    59.4    0.7       0.8    0.6     0.5     0.2
12-24 22:20:36.431 10               10    93.8    1.0       1.0    3.3     0.0     0.0
12-24 22:20:36.431 11               11    76.4    0.9       0.9    1.1     0.1     0.2
12-24 22:20:36.431 12               12    53.3    0.6       0.8    0.1     0.5     0.3
12-24 22:20:36.431 13               13    93.9    1.0       1.0    6.3     0.0     0.0
12-24 22:20:36.431 14               14    74.1    0.8       0.9    0.3     0.2     0.2
12-24 22:20:36.431 15               15    85.4    0.9       0.9    0.4     0.1     0.1
12-24 22:20:36.431 16               16    71.2    0.8       0.9    0.1     0.3     0.1
12-24 22:20:36.432 17               17    59.5    0.7       0.8    0.1     0.4     0.3
12-24 22:20:36.432 18               18    72.6    0.8       0.8    0.6     0.2     0.2
12-24 22:20:36.432 mean 0.7388148307800293
12-24 22:20:36.589 -----------------------------------------------------------------------------------------------------------
12-24 22:20:36.590 [epoch 9], [val loss 0.13362], [acc 0.95404], [acc_cls 0.81774], [mean_iu 0.73881], [fwavacc 0.91555]
12-24 22:20:36.590 best record: [val loss 0.13390], [acc 0.95395], [acc_cls 0.81776], [mean_iu 0.73920], [fwavacc 0.91539], [epoch 6], 
12-24 22:20:36.590 -----------------------------------------------------------------------------------------------------------
12-24 22:20:36.901 Class Uniform Percentage: 0.5
12-24 22:20:36.911 Class Uniform items per Epoch:2975
12-24 22:20:36.913 cls 0 len 5866
12-24 22:20:36.913 cls 1 len 5184
12-24 22:20:36.913 cls 2 len 5678
12-24 22:20:36.913 cls 3 len 1312
12-24 22:20:36.913 cls 4 len 1723
12-24 22:20:36.913 cls 5 len 5656
12-24 22:20:36.913 cls 6 len 2769
12-24 22:20:36.913 cls 7 len 4860
12-24 22:20:36.913 cls 8 len 5388
12-24 22:20:36.913 cls 9 len 2440
12-24 22:20:36.914 cls 10 len 4722
12-24 22:20:36.914 cls 11 len 3719
12-24 22:20:36.914 cls 12 len 1239
12-24 22:20:36.914 cls 13 len 5075
12-24 22:20:36.914 cls 14 len 444
12-24 22:20:36.914 cls 15 len 348
12-24 22:20:36.914 cls 16 len 188
12-24 22:20:36.914 cls 17 len 575
12-24 22:20:36.914 cls 18 len 2238
12-24 22:21:07.264 [epoch 9], [iter 50 / 248 : 2282], [loss 0.230334], [lr 0.000012], [lr_at 0.000012], [time 0.0890]
12-24 22:21:35.000 [epoch 9], [iter 100 / 248 : 2332], [loss 0.228914], [lr 0.000011], [lr_at 0.000011], [time 0.0894]
12-24 22:22:02.830 [epoch 9], [iter 150 / 248 : 2382], [loss 0.213803], [lr 0.000011], [lr_at 0.000011], [time 0.0897]
12-24 22:22:30.825 [epoch 9], [iter 200 / 248 : 2432], [loss 0.212652], [lr 0.000011], [lr_at 0.000011], [time 0.0905]
12-24 22:22:58.355 validating: 1 / 250
12-24 22:23:01.182 validating: 21 / 250
12-24 22:23:03.877 validating: 41 / 250
12-24 22:23:06.579 validating: 61 / 250
12-24 22:23:09.278 validating: 81 / 250
12-24 22:23:11.967 validating: 101 / 250
12-24 22:23:14.623 validating: 121 / 250
12-24 22:23:17.277 validating: 141 / 250
12-24 22:23:19.949 validating: 161 / 250
12-24 22:23:22.615 validating: 181 / 250
12-24 22:23:25.291 validating: 201 / 250
12-24 22:23:27.965 validating: 221 / 250
12-24 22:23:30.613 validating: 241 / 250
12-24 22:23:33.824 IoU:
12-24 22:23:33.824 label_id      label    iU    Precision Recall TP     FP    FN
12-24 22:23:33.825  0                0    97.9    1.0       1.0   37.2     0.0     0.0
12-24 22:23:33.825  1                1    83.1    0.9       0.9    4.9     0.1     0.1
12-24 22:23:33.825  2                2    91.3    1.0       0.9   21.0     0.0     0.1
12-24 22:23:33.825  3                3    55.0    0.6       0.8    0.5     0.6     0.2
12-24 22:23:33.825  4                4    58.4    0.7       0.7    0.6     0.4     0.3
12-24 22:23:33.825  5                5    55.3    0.7       0.8    1.0     0.5     0.3
12-24 22:23:33.825  6                6    60.1    0.7       0.8    0.1     0.4     0.2
12-24 22:23:33.825  7                7    71.7    0.8       0.9    0.5     0.3     0.1
12-24 22:23:33.826  8                8    91.5    1.0       0.9   16.7     0.0     0.1
12-24 22:23:33.826  9                9    59.9    0.7       0.8    0.6     0.5     0.2
12-24 22:23:33.826 10               10    93.7    1.0       1.0    3.3     0.0     0.0
12-24 22:23:33.826 11               11    76.4    0.9       0.9    1.1     0.1     0.2
12-24 22:23:33.826 12               12    52.9    0.6       0.8    0.1     0.6     0.3
12-24 22:23:33.826 13               13    93.9    1.0       1.0    6.3     0.0     0.0
12-24 22:23:33.826 14               14    73.4    0.8       0.9    0.2     0.2     0.1
12-24 22:23:33.827 15               15    86.0    0.9       0.9    0.4     0.1     0.1
12-24 22:23:33.827 16               16    72.9    0.8       0.9    0.1     0.3     0.1
12-24 22:23:33.827 17               17    58.9    0.7       0.8    0.1     0.5     0.2
12-24 22:23:33.827 18               18    72.5    0.9       0.8    0.6     0.2     0.2
12-24 22:23:33.827 mean 0.7392488718032837
12-24 22:23:34.150 -----------------------------------------------------------------------------------------------------------
12-24 22:23:34.150 [epoch 10], [val loss 0.13343], [acc 0.95398], [acc_cls 0.81812], [mean_iu 0.73925], [fwavacc 0.91558]
12-24 22:23:34.150 best record: [val loss 0.13343], [acc 0.95398], [acc_cls 0.81812], [mean_iu 0.73925], [fwavacc 0.91558], [epoch 10], 
12-24 22:23:34.150 -----------------------------------------------------------------------------------------------------------
12-24 22:23:34.514 Class Uniform Percentage: 0.5
12-24 22:23:34.520 Class Uniform items per Epoch:2975
12-24 22:23:34.535 cls 0 len 5866
12-24 22:23:34.535 cls 1 len 5184
12-24 22:23:34.535 cls 2 len 5678
12-24 22:23:34.536 cls 3 len 1312
12-24 22:23:34.536 cls 4 len 1723
12-24 22:23:34.536 cls 5 len 5656
12-24 22:23:34.536 cls 6 len 2769
12-24 22:23:34.536 cls 7 len 4860
12-24 22:23:34.536 cls 8 len 5388
12-24 22:23:34.536 cls 9 len 2440
12-24 22:23:34.536 cls 10 len 4722
12-24 22:23:34.537 cls 11 len 3719
12-24 22:23:34.537 cls 12 len 1239
12-24 22:23:34.537 cls 13 len 5075
12-24 22:23:34.537 cls 14 len 444
12-24 22:23:34.537 cls 15 len 348
12-24 22:23:34.537 cls 16 len 188
12-24 22:23:34.537 cls 17 len 575
12-24 22:23:34.537 cls 18 len 2238
12-24 22:24:05.140 [epoch 10], [iter 50 / 248 : 2530], [loss 0.223156], [lr 0.000011], [lr_at 0.000011], [time 0.0896]
12-24 22:24:32.915 [epoch 10], [iter 100 / 248 : 2580], [loss 0.214093], [lr 0.000010], [lr_at 0.000010], [time 0.0895]
12-24 22:25:00.558 [epoch 10], [iter 150 / 248 : 2630], [loss 0.208640], [lr 0.000010], [lr_at 0.000010], [time 0.0890]
12-24 22:25:28.354 [epoch 10], [iter 200 / 248 : 2680], [loss 0.235683], [lr 0.000010], [lr_at 0.000010], [time 0.0894]
12-24 22:25:55.633 validating: 1 / 250
12-24 22:25:58.476 validating: 21 / 250
12-24 22:26:01.217 validating: 41 / 250
12-24 22:26:03.933 validating: 61 / 250
12-24 22:26:06.632 validating: 81 / 250
12-24 22:26:09.326 validating: 101 / 250
12-24 22:26:11.997 validating: 121 / 250
12-24 22:26:14.676 validating: 141 / 250
12-24 22:26:17.365 validating: 161 / 250
12-24 22:26:20.036 validating: 181 / 250
12-24 22:26:22.712 validating: 201 / 250
12-24 22:26:25.390 validating: 221 / 250
12-24 22:26:28.048 validating: 241 / 250
12-24 22:26:30.791 IoU:
12-24 22:26:30.791 label_id      label    iU    Precision Recall TP     FP    FN
12-24 22:26:30.791  0                0    97.9    1.0       1.0   37.2     0.0     0.0
12-24 22:26:30.791  1                1    83.0    0.9       0.9    4.9     0.1     0.1
12-24 22:26:30.791  2                2    91.3    1.0       0.9   21.0     0.0     0.1
12-24 22:26:30.792  3                3    54.2    0.6       0.8    0.5     0.6     0.2
12-24 22:26:30.792  4                4    58.1    0.7       0.8    0.6     0.4     0.3
12-24 22:26:30.792  5                5    55.2    0.7       0.8    1.0     0.5     0.3
12-24 22:26:30.792  6                6    60.1    0.7       0.8    0.1     0.4     0.2
12-24 22:26:30.792  7                7    71.6    0.8       0.9    0.5     0.3     0.1
12-24 22:26:30.792  8                8    91.4    1.0       0.9   16.7     0.0     0.1
12-24 22:26:30.792  9                9    59.0    0.7       0.8    0.6     0.5     0.2
12-24 22:26:30.792 10               10    93.8    1.0       1.0    3.3     0.0     0.0
12-24 22:26:30.793 11               11    76.4    0.9       0.9    1.1     0.1     0.2
12-24 22:26:30.793 12               12    53.3    0.6       0.8    0.1     0.5     0.3
12-24 22:26:30.793 13               13    93.8    1.0       1.0    6.3     0.0     0.0
12-24 22:26:30.793 14               14    73.0    0.8       0.9    0.2     0.3     0.1
12-24 22:26:30.793 15               15    85.7    0.9       0.9    0.4     0.1     0.1
12-24 22:26:30.793 16               16    72.9    0.8       0.9    0.1     0.3     0.1
12-24 22:26:30.793 17               17    59.5    0.7       0.8    0.1     0.4     0.3
12-24 22:26:30.793 18               18    72.4    0.9       0.8    0.6     0.2     0.2
12-24 22:26:30.794 mean 0.7382470965385437
12-24 22:26:30.953 -----------------------------------------------------------------------------------------------------------
12-24 22:26:30.953 [epoch 11], [val loss 0.13406], [acc 0.95380], [acc_cls 0.81592], [mean_iu 0.73825], [fwavacc 0.91517]
12-24 22:26:30.953 best record: [val loss 0.13343], [acc 0.95398], [acc_cls 0.81812], [mean_iu 0.73925], [fwavacc 0.91558], [epoch 10], 
12-24 22:26:30.953 -----------------------------------------------------------------------------------------------------------
12-24 22:26:31.264 Class Uniform Percentage: 0.5
12-24 22:26:31.274 Class Uniform items per Epoch:2975
12-24 22:26:31.276 cls 0 len 5866
12-24 22:26:31.276 cls 1 len 5184
12-24 22:26:31.276 cls 2 len 5678
12-24 22:26:31.276 cls 3 len 1312
12-24 22:26:31.276 cls 4 len 1723
12-24 22:26:31.276 cls 5 len 5656
12-24 22:26:31.276 cls 6 len 2769
12-24 22:26:31.276 cls 7 len 4860
12-24 22:26:31.276 cls 8 len 5388
12-24 22:26:31.277 cls 9 len 2440
12-24 22:26:31.277 cls 10 len 4722
12-24 22:26:31.277 cls 11 len 3719
12-24 22:26:31.277 cls 12 len 1239
12-24 22:26:31.277 cls 13 len 5075
12-24 22:26:31.277 cls 14 len 444
12-24 22:26:31.277 cls 15 len 348
12-24 22:26:31.277 cls 16 len 188
12-24 22:26:31.277 cls 17 len 575
12-24 22:26:31.278 cls 18 len 2238
12-24 22:27:01.508 [epoch 11], [iter 50 / 248 : 2778], [loss 0.226463], [lr 0.000010], [lr_at 0.000010], [time 0.0885]
12-24 22:27:28.965 [epoch 11], [iter 100 / 248 : 2828], [loss 0.228124], [lr 0.000009], [lr_at 0.000009], [time 0.0887]
12-24 22:27:56.431 [epoch 11], [iter 150 / 248 : 2878], [loss 0.222611], [lr 0.000009], [lr_at 0.000009], [time 0.0887]
12-24 22:28:23.965 [epoch 11], [iter 200 / 248 : 2928], [loss 0.221894], [lr 0.000009], [lr_at 0.000009], [time 0.0889]
12-24 22:28:51.030 validating: 1 / 250
12-24 22:28:53.854 validating: 21 / 250
12-24 22:28:56.567 validating: 41 / 250
12-24 22:28:59.274 validating: 61 / 250
12-24 22:29:01.953 validating: 81 / 250
12-24 22:29:04.647 validating: 101 / 250
12-24 22:29:07.301 validating: 121 / 250
12-24 22:29:09.970 validating: 141 / 250
12-24 22:29:12.647 validating: 161 / 250
12-24 22:29:15.314 validating: 181 / 250
12-24 22:29:17.995 validating: 201 / 250
12-24 22:29:20.667 validating: 221 / 250
12-24 22:29:23.316 validating: 241 / 250
12-24 22:29:27.362 IoU:
12-24 22:29:27.362 label_id      label    iU    Precision Recall TP     FP    FN
12-24 22:29:27.362  0                0    97.9    1.0       1.0   37.2     0.0     0.0
12-24 22:29:27.362  1                1    83.1    0.9       0.9    4.9     0.1     0.1
12-24 22:29:27.362  2                2    91.3    1.0       0.9   21.0     0.0     0.1
12-24 22:29:27.362  3                3    54.8    0.6       0.8    0.5     0.6     0.2
12-24 22:29:27.363  4                4    58.2    0.7       0.8    0.6     0.4     0.3
12-24 22:29:27.363  5                5    55.2    0.7       0.8    1.0     0.5     0.3
12-24 22:29:27.363  6                6    60.3    0.7       0.8    0.1     0.4     0.2
12-24 22:29:27.363  7                7    71.6    0.8       0.9    0.5     0.2     0.1
12-24 22:29:27.363  8                8    91.5    1.0       0.9   16.7     0.0     0.1
12-24 22:29:27.363  9                9    59.8    0.7       0.8    0.6     0.5     0.2
12-24 22:29:27.363 10               10    93.8    1.0       1.0    3.3     0.0     0.0
12-24 22:29:27.363 11               11    76.3    0.9       0.8    1.1     0.1     0.2
12-24 22:29:27.364 12               12    52.9    0.6       0.8    0.1     0.6     0.3
12-24 22:29:27.364 13               13    93.9    1.0       1.0    6.3     0.0     0.0
12-24 22:29:27.364 14               14    73.9    0.8       0.9    0.2     0.2     0.1
12-24 22:29:27.364 15               15    84.9    0.9       0.9    0.4     0.1     0.1
12-24 22:29:27.364 16               16    70.0    0.7       0.9    0.1     0.4     0.1
12-24 22:29:27.364 17               17    59.2    0.7       0.8    0.1     0.4     0.3
12-24 22:29:27.364 18               18    72.5    0.8       0.8    0.6     0.2     0.2
12-24 22:29:27.365 mean 0.7372434735298157
12-24 22:29:27.524 -----------------------------------------------------------------------------------------------------------
12-24 22:29:27.524 [epoch 12], [val loss 0.13361], [acc 0.95395], [acc_cls 0.81651], [mean_iu 0.73724], [fwavacc 0.91543]
12-24 22:29:27.524 best record: [val loss 0.13343], [acc 0.95398], [acc_cls 0.81812], [mean_iu 0.73925], [fwavacc 0.91558], [epoch 10], 
12-24 22:29:27.524 -----------------------------------------------------------------------------------------------------------
12-24 22:29:27.882 Class Uniform Percentage: 0.5
12-24 22:29:27.892 Class Uniform items per Epoch:2975
12-24 22:29:27.903 cls 0 len 5866
12-24 22:29:27.903 cls 1 len 5184
12-24 22:29:27.904 cls 2 len 5678
12-24 22:29:27.904 cls 3 len 1312
12-24 22:29:27.904 cls 4 len 1723
12-24 22:29:27.904 cls 5 len 5656
12-24 22:29:27.904 cls 6 len 2769
12-24 22:29:27.904 cls 7 len 4860
12-24 22:29:27.904 cls 8 len 5388
12-24 22:29:27.904 cls 9 len 2440
12-24 22:29:27.905 cls 10 len 4722
12-24 22:29:27.905 cls 11 len 3719
12-24 22:29:27.905 cls 12 len 1239
12-24 22:29:27.905 cls 13 len 5075
12-24 22:29:27.905 cls 14 len 444
12-24 22:29:27.905 cls 15 len 348
12-24 22:29:27.905 cls 16 len 188
12-24 22:29:27.905 cls 17 len 575
12-24 22:29:27.906 cls 18 len 2238
12-24 22:29:58.500 [epoch 12], [iter 50 / 248 : 3026], [loss 0.222063], [lr 0.000009], [lr_at 0.000009], [time 0.0894]
12-24 22:30:26.440 [epoch 12], [iter 100 / 248 : 3076], [loss 0.212248], [lr 0.000008], [lr_at 0.000008], [time 0.0894]
12-24 22:30:54.487 [epoch 12], [iter 150 / 248 : 3126], [loss 0.231577], [lr 0.000008], [lr_at 0.000008], [time 0.0897]
12-24 22:31:22.558 [epoch 12], [iter 200 / 248 : 3176], [loss 0.223646], [lr 0.000008], [lr_at 0.000008], [time 0.0899]
12-24 22:31:50.101 validating: 1 / 250
12-24 22:31:53.020 validating: 21 / 250
12-24 22:31:55.737 validating: 41 / 250
12-24 22:31:58.479 validating: 61 / 250
12-24 22:32:01.236 validating: 81 / 250
12-24 22:32:03.969 validating: 101 / 250
12-24 22:32:06.665 validating: 121 / 250
12-24 22:32:09.354 validating: 141 / 250
12-24 22:32:12.074 validating: 161 / 250
12-24 22:32:14.766 validating: 181 / 250
12-24 22:32:17.470 validating: 201 / 250
12-24 22:32:20.162 validating: 221 / 250
12-24 22:32:22.835 validating: 241 / 250
12-24 22:32:25.344 IoU:
12-24 22:32:25.344 label_id      label    iU    Precision Recall TP     FP    FN
12-24 22:32:25.344  0                0    97.9    1.0       1.0   37.2     0.0     0.0
12-24 22:32:25.345  1                1    83.1    0.9       0.9    4.9     0.1     0.1
12-24 22:32:25.345  2                2    91.2    1.0       0.9   21.0     0.0     0.1
12-24 22:32:25.345  3                3    53.9    0.6       0.8    0.5     0.6     0.2
12-24 22:32:25.345  4                4    57.7    0.7       0.8    0.6     0.4     0.3
12-24 22:32:25.345  5                5    55.4    0.7       0.8    1.0     0.5     0.3
12-24 22:32:25.345  6                6    60.2    0.7       0.8    0.1     0.4     0.2
12-24 22:32:25.345  7                7    71.6    0.8       0.9    0.5     0.2     0.2
12-24 22:32:25.346  8                8    91.4    1.0       0.9   16.7     0.0     0.1
12-24 22:32:25.346  9                9    58.9    0.7       0.8    0.6     0.5     0.2
12-24 22:32:25.346 10               10    93.6    1.0       1.0    3.3     0.0     0.0
12-24 22:32:25.346 11               11    76.4    0.9       0.9    1.1     0.1     0.2
12-24 22:32:25.346 12               12    52.9    0.6       0.8    0.1     0.6     0.3
12-24 22:32:25.346 13               13    93.8    1.0       1.0    6.3     0.0     0.0
12-24 22:32:25.346 14               14    72.6    0.8       0.9    0.2     0.3     0.1
12-24 22:32:25.346 15               15    85.4    0.9       0.9    0.4     0.1     0.1
12-24 22:32:25.347 16               16    70.7    0.7       0.9    0.1     0.3     0.1
12-24 22:32:25.347 17               17    58.8    0.7       0.8    0.1     0.4     0.3
12-24 22:32:25.347 18               18    72.4    0.9       0.8    0.6     0.2     0.2
12-24 22:32:25.347 mean 0.735670268535614
12-24 22:32:25.509 -----------------------------------------------------------------------------------------------------------
12-24 22:32:25.509 [epoch 13], [val loss 0.13469], [acc 0.95367], [acc_cls 0.81336], [mean_iu 0.73567], [fwavacc 0.91492]
12-24 22:32:25.509 best record: [val loss 0.13343], [acc 0.95398], [acc_cls 0.81812], [mean_iu 0.73925], [fwavacc 0.91558], [epoch 10], 
12-24 22:32:25.510 -----------------------------------------------------------------------------------------------------------
12-24 22:32:25.858 Class Uniform Percentage: 0.5
12-24 22:32:25.858 Class Uniform items per Epoch:2975
12-24 22:32:25.875 cls 0 len 5866
12-24 22:32:25.876 cls 1 len 5184
12-24 22:32:25.876 cls 2 len 5678
12-24 22:32:25.876 cls 3 len 1312
12-24 22:32:25.876 cls 4 len 1723
12-24 22:32:25.876 cls 5 len 5656
12-24 22:32:25.876 cls 6 len 2769
12-24 22:32:25.876 cls 7 len 4860
12-24 22:32:25.876 cls 8 len 5388
12-24 22:32:25.877 cls 9 len 2440
12-24 22:32:25.877 cls 10 len 4722
12-24 22:32:25.877 cls 11 len 3719
12-24 22:32:25.877 cls 12 len 1239
12-24 22:32:25.877 cls 13 len 5075
12-24 22:32:25.877 cls 14 len 444
12-24 22:32:25.877 cls 15 len 348
12-24 22:32:25.877 cls 16 len 188
12-24 22:32:25.877 cls 17 len 575
12-24 22:32:25.878 cls 18 len 2238
12-24 22:32:56.212 [epoch 13], [iter 50 / 248 : 3274], [loss 0.226198], [lr 0.000008], [lr_at 0.000008], [time 0.0895]
12-24 22:33:23.928 [epoch 13], [iter 100 / 248 : 3324], [loss 0.230445], [lr 0.000007], [lr_at 0.000007], [time 0.0895]
12-24 22:33:51.407 [epoch 13], [iter 150 / 248 : 3374], [loss 0.237149], [lr 0.000007], [lr_at 0.000007], [time 0.0887]
12-24 22:34:18.950 [epoch 13], [iter 200 / 248 : 3424], [loss 0.222694], [lr 0.000007], [lr_at 0.000007], [time 0.0889]
12-24 22:34:45.967 validating: 1 / 250
12-24 22:34:48.797 validating: 21 / 250
12-24 22:34:51.496 validating: 41 / 250
12-24 22:34:54.204 validating: 61 / 250
12-24 22:34:56.888 validating: 81 / 250
12-24 22:34:59.577 validating: 101 / 250
12-24 22:35:02.261 validating: 121 / 250
12-24 22:35:04.914 validating: 141 / 250
12-24 22:35:07.581 validating: 161 / 250
12-24 22:35:10.257 validating: 181 / 250
12-24 22:35:12.931 validating: 201 / 250
12-24 22:35:15.601 validating: 221 / 250
12-24 22:35:18.246 validating: 241 / 250
12-24 22:35:21.301 IoU:
12-24 22:35:21.302 label_id      label    iU    Precision Recall TP     FP    FN
12-24 22:35:21.302  0                0    97.9    1.0       1.0   37.2     0.0     0.0
12-24 22:35:21.302  1                1    83.0    0.9       0.9    4.9     0.1     0.1
12-24 22:35:21.302  2                2    91.3    1.0       0.9   21.0     0.0     0.1
12-24 22:35:21.302  3                3    55.3    0.6       0.8    0.5     0.6     0.2
12-24 22:35:21.302  4                4    58.4    0.7       0.8    0.6     0.4     0.3
12-24 22:35:21.302  5                5    55.5    0.7       0.8    1.0     0.5     0.3
12-24 22:35:21.303  6                6    60.4    0.7       0.8    0.1     0.4     0.3
12-24 22:35:21.303  7                7    71.6    0.8       0.9    0.5     0.2     0.1
12-24 22:35:21.303  8                8    91.5    1.0       0.9   16.7     0.0     0.1
12-24 22:35:21.303  9                9    59.5    0.7       0.8    0.6     0.5     0.2
12-24 22:35:21.303 10               10    93.7    1.0       1.0    3.3     0.0     0.0
12-24 22:35:21.303 11               11    76.5    0.9       0.9    1.1     0.1     0.2
12-24 22:35:21.303 12               12    53.9    0.7       0.7    0.1     0.5     0.3
12-24 22:35:21.303 13               13    93.8    1.0       1.0    6.3     0.0     0.0
12-24 22:35:21.304 14               14    71.5    0.8       0.9    0.2     0.3     0.1
12-24 22:35:21.304 15               15    85.6    0.9       0.9    0.4     0.1     0.1
12-24 22:35:21.304 16               16    71.1    0.8       0.9    0.1     0.3     0.1
12-24 22:35:21.304 17               17    59.3    0.7       0.8    0.1     0.4     0.3
12-24 22:35:21.304 18               18    72.3    0.9       0.8    0.6     0.2     0.2
12-24 22:35:21.304 mean 0.737917959690094
12-24 22:35:21.463 -----------------------------------------------------------------------------------------------------------
12-24 22:35:21.463 [epoch 14], [val loss 0.13419], [acc 0.95383], [acc_cls 0.81795], [mean_iu 0.73792], [fwavacc 0.91536]
12-24 22:35:21.464 best record: [val loss 0.13343], [acc 0.95398], [acc_cls 0.81812], [mean_iu 0.73925], [fwavacc 0.91558], [epoch 10], 
12-24 22:35:21.464 -----------------------------------------------------------------------------------------------------------
12-24 22:35:21.830 Class Uniform Percentage: 0.5
12-24 22:35:21.835 Class Uniform items per Epoch:2975
12-24 22:35:21.849 cls 0 len 5866
12-24 22:35:21.849 cls 1 len 5184
12-24 22:35:21.849 cls 2 len 5678
12-24 22:35:21.849 cls 3 len 1312
12-24 22:35:21.850 cls 4 len 1723
12-24 22:35:21.850 cls 5 len 5656
12-24 22:35:21.850 cls 6 len 2769
12-24 22:35:21.850 cls 7 len 4860
12-24 22:35:21.850 cls 8 len 5388
12-24 22:35:21.850 cls 9 len 2440
12-24 22:35:21.850 cls 10 len 4722
12-24 22:35:21.850 cls 11 len 3719
12-24 22:35:21.850 cls 12 len 1239
12-24 22:35:21.850 cls 13 len 5075
12-24 22:35:21.851 cls 14 len 444
12-24 22:35:21.851 cls 15 len 348
12-24 22:35:21.851 cls 16 len 188
12-24 22:35:21.851 cls 17 len 575
12-24 22:35:21.851 cls 18 len 2238
12-24 22:35:52.339 [epoch 14], [iter 50 / 248 : 3522], [loss 0.227216], [lr 0.000007], [lr_at 0.000007], [time 0.0891]
12-24 22:36:19.903 [epoch 14], [iter 100 / 248 : 3572], [loss 0.222476], [lr 0.000006], [lr_at 0.000006], [time 0.0890]
12-24 22:36:47.494 [epoch 14], [iter 150 / 248 : 3622], [loss 0.230230], [lr 0.000006], [lr_at 0.000006], [time 0.0891]
12-24 22:37:15.047 [epoch 14], [iter 200 / 248 : 3672], [loss 0.230067], [lr 0.000006], [lr_at 0.000006], [time 0.0890]
12-24 22:37:42.100 validating: 1 / 250
12-24 22:37:44.935 validating: 21 / 250
12-24 22:37:47.655 validating: 41 / 250
12-24 22:37:50.375 validating: 61 / 250
12-24 22:37:53.079 validating: 81 / 250
12-24 22:37:55.786 validating: 101 / 250
12-24 22:37:58.462 validating: 121 / 250
12-24 22:38:01.129 validating: 141 / 250
12-24 22:38:03.824 validating: 161 / 250
12-24 22:38:06.502 validating: 181 / 250
12-24 22:38:09.192 validating: 201 / 250
12-24 22:38:11.870 validating: 221 / 250
12-24 22:38:14.536 validating: 241 / 250
12-24 22:38:17.306 IoU:
12-24 22:38:17.306 label_id      label    iU    Precision Recall TP     FP    FN
12-24 22:38:17.306  0                0    97.9    1.0       1.0   37.2     0.0     0.0
12-24 22:38:17.306  1                1    83.1    0.9       0.9    4.9     0.1     0.1
12-24 22:38:17.307  2                2    91.3    1.0       0.9   21.0     0.0     0.1
12-24 22:38:17.307  3                3    53.4    0.6       0.8    0.4     0.6     0.2
12-24 22:38:17.307  4                4    58.6    0.7       0.8    0.6     0.4     0.3
12-24 22:38:17.307  5                5    55.5    0.7       0.8    1.0     0.5     0.3
12-24 22:38:17.307  6                6    60.1    0.7       0.8    0.1     0.4     0.2
12-24 22:38:17.307  7                7    71.7    0.8       0.9    0.5     0.2     0.2
12-24 22:38:17.307  8                8    91.4    1.0       0.9   16.7     0.0     0.1
12-24 22:38:17.308  9                9    59.8    0.7       0.8    0.6     0.5     0.2
12-24 22:38:17.308 10               10    93.8    1.0       1.0    3.3     0.0     0.0
12-24 22:38:17.308 11               11    76.4    0.9       0.9    1.1     0.1     0.2
12-24 22:38:17.308 12               12    53.3    0.6       0.8    0.1     0.6     0.3
12-24 22:38:17.308 13               13    93.8    1.0       1.0    6.3     0.0     0.0
12-24 22:38:17.308 14               14    73.0    0.8       0.9    0.2     0.3     0.1
12-24 22:38:17.308 15               15    85.7    0.9       0.9    0.4     0.1     0.1
12-24 22:38:17.308 16               16    72.1    0.8       0.9    0.1     0.3     0.1
12-24 22:38:17.309 17               17    59.1    0.7       0.8    0.1     0.4     0.3
12-24 22:38:17.309 18               18    72.4    0.9       0.8    0.6     0.2     0.2
12-24 22:38:17.309 mean 0.738109290599823
12-24 22:38:17.468 -----------------------------------------------------------------------------------------------------------
12-24 22:38:17.468 [epoch 15], [val loss 0.13380], [acc 0.95390], [acc_cls 0.81720], [mean_iu 0.73811], [fwavacc 0.91542]
12-24 22:38:17.468 best record: [val loss 0.13343], [acc 0.95398], [acc_cls 0.81812], [mean_iu 0.73925], [fwavacc 0.91558], [epoch 10], 
12-24 22:38:17.468 -----------------------------------------------------------------------------------------------------------
12-24 22:38:17.837 Class Uniform Percentage: 0.5
12-24 22:38:17.847 Class Uniform items per Epoch:2975
12-24 22:38:17.856 cls 0 len 5866
12-24 22:38:17.856 cls 1 len 5184
12-24 22:38:17.856 cls 2 len 5678
12-24 22:38:17.856 cls 3 len 1312
12-24 22:38:17.856 cls 4 len 1723
12-24 22:38:17.857 cls 5 len 5656
12-24 22:38:17.857 cls 6 len 2769
12-24 22:38:17.857 cls 7 len 4860
12-24 22:38:17.857 cls 8 len 5388
12-24 22:38:17.857 cls 9 len 2440
12-24 22:38:17.857 cls 10 len 4722
12-24 22:38:17.857 cls 11 len 3719
12-24 22:38:17.857 cls 12 len 1239
12-24 22:38:17.857 cls 13 len 5075
12-24 22:38:17.858 cls 14 len 444
12-24 22:38:17.858 cls 15 len 348
12-24 22:38:17.858 cls 16 len 188
12-24 22:38:17.858 cls 17 len 575
12-24 22:38:17.858 cls 18 len 2238
12-24 22:38:48.223 [epoch 15], [iter 50 / 248 : 3770], [loss 0.226448], [lr 0.000006], [lr_at 0.000006], [time 0.0886]
12-24 22:39:15.748 [epoch 15], [iter 100 / 248 : 3820], [loss 0.224562], [lr 0.000005], [lr_at 0.000005], [time 0.0888]
12-24 22:39:43.260 [epoch 15], [iter 150 / 248 : 3870], [loss 0.230822], [lr 0.000005], [lr_at 0.000005], [time 0.0888]
12-24 22:40:10.782 [epoch 15], [iter 200 / 248 : 3920], [loss 0.219622], [lr 0.000005], [lr_at 0.000005], [time 0.0889]
12-24 22:40:38.084 validating: 1 / 250
12-24 22:40:40.898 validating: 21 / 250
12-24 22:40:43.593 validating: 41 / 250
12-24 22:40:46.293 validating: 61 / 250
12-24 22:40:48.972 validating: 81 / 250
12-24 22:40:51.653 validating: 101 / 250
12-24 22:40:54.311 validating: 121 / 250
12-24 22:40:56.957 validating: 141 / 250
12-24 22:40:59.624 validating: 161 / 250
12-24 22:41:02.278 validating: 181 / 250
12-24 22:41:04.942 validating: 201 / 250
12-24 22:41:07.599 validating: 221 / 250
12-24 22:41:10.247 validating: 241 / 250
12-24 22:41:13.146 IoU:
12-24 22:41:13.147 label_id      label    iU    Precision Recall TP     FP    FN
12-24 22:41:13.147  0                0    97.9    1.0       1.0   37.3     0.0     0.0
12-24 22:41:13.147  1                1    83.0    0.9       0.9    4.9     0.1     0.1
12-24 22:41:13.147  2                2    91.2    1.0       0.9   21.0     0.0     0.1
12-24 22:41:13.147  3                3    55.0    0.6       0.8    0.5     0.6     0.3
12-24 22:41:13.147  4                4    57.9    0.7       0.8    0.6     0.4     0.3
12-24 22:41:13.148  5                5    55.4    0.7       0.8    1.0     0.5     0.3
12-24 22:41:13.148  6                6    60.1    0.7       0.8    0.1     0.4     0.2
12-24 22:41:13.148  7                7    71.6    0.8       0.9    0.5     0.3     0.1
12-24 22:41:13.148  8                8    91.5    1.0       0.9   16.7     0.0     0.1
12-24 22:41:13.148  9                9    59.3    0.7       0.8    0.6     0.5     0.2
12-24 22:41:13.148 10               10    93.7    1.0       1.0    3.3     0.0     0.0
12-24 22:41:13.148 11               11    76.4    0.9       0.9    1.1     0.1     0.2
12-24 22:41:13.148 12               12    52.7    0.6       0.8    0.1     0.6     0.3
12-24 22:41:13.149 13               13    93.9    1.0       1.0    6.3     0.0     0.0
12-24 22:41:13.149 14               14    74.3    0.8       0.9    0.2     0.2     0.1
12-24 22:41:13.149 15               15    86.1    0.9       0.9    0.4     0.1     0.1
12-24 22:41:13.149 16               16    73.3    0.8       0.9    0.1     0.3     0.1
12-24 22:41:13.149 17               17    59.1    0.7       0.8    0.1     0.4     0.3
12-24 22:41:13.149 18               18    72.2    0.9       0.8    0.6     0.2     0.2
12-24 22:41:13.149 mean 0.7393032312393188
12-24 22:41:13.462 -----------------------------------------------------------------------------------------------------------
12-24 22:41:13.462 [epoch 16], [val loss 0.13373], [acc 0.95388], [acc_cls 0.81753], [mean_iu 0.73930], [fwavacc 0.91532]
12-24 22:41:13.462 best record: [val loss 0.13373], [acc 0.95388], [acc_cls 0.81753], [mean_iu 0.73930], [fwavacc 0.91532], [epoch 16], 
12-24 22:41:13.462 -----------------------------------------------------------------------------------------------------------
12-24 22:41:13.828 Class Uniform Percentage: 0.5
12-24 22:41:13.838 Class Uniform items per Epoch:2975
12-24 22:41:13.847 cls 0 len 5866
12-24 22:41:13.847 cls 1 len 5184
12-24 22:41:13.847 cls 2 len 5678
12-24 22:41:13.847 cls 3 len 1312
12-24 22:41:13.847 cls 4 len 1723
12-24 22:41:13.847 cls 5 len 5656
12-24 22:41:13.847 cls 6 len 2769
12-24 22:41:13.848 cls 7 len 4860
12-24 22:41:13.848 cls 8 len 5388
12-24 22:41:13.848 cls 9 len 2440
12-24 22:41:13.848 cls 10 len 4722
12-24 22:41:13.848 cls 11 len 3719
12-24 22:41:13.848 cls 12 len 1239
12-24 22:41:13.848 cls 13 len 5075
12-24 22:41:13.848 cls 14 len 444
12-24 22:41:13.848 cls 15 len 348
12-24 22:41:13.849 cls 16 len 188
12-24 22:41:13.849 cls 17 len 575
12-24 22:41:13.849 cls 18 len 2238
12-24 22:41:43.986 [epoch 16], [iter 50 / 248 : 4018], [loss 0.214046], [lr 0.000005], [lr_at 0.000005], [time 0.0887]
12-24 22:42:11.465 [epoch 16], [iter 100 / 248 : 4068], [loss 0.219724], [lr 0.000004], [lr_at 0.000004], [time 0.0887]
12-24 22:42:39.006 [epoch 16], [iter 150 / 248 : 4118], [loss 0.242303], [lr 0.000004], [lr_at 0.000004], [time 0.0889]
12-24 22:43:06.572 [epoch 16], [iter 200 / 248 : 4168], [loss 0.219379], [lr 0.000004], [lr_at 0.000004], [time 0.0888]
12-24 22:43:33.926 validating: 1 / 250
12-24 22:43:36.738 validating: 21 / 250
12-24 22:43:39.457 validating: 41 / 250
12-24 22:43:42.179 validating: 61 / 250
12-24 22:43:44.882 validating: 81 / 250
12-24 22:43:47.580 validating: 101 / 250
12-24 22:43:50.255 validating: 121 / 250
12-24 22:43:52.930 validating: 141 / 250
12-24 22:43:55.610 validating: 161 / 250
12-24 22:43:58.302 validating: 181 / 250
12-24 22:44:00.999 validating: 201 / 250
12-24 22:44:03.688 validating: 221 / 250
12-24 22:44:06.361 validating: 241 / 250
12-24 22:44:09.471 IoU:
12-24 22:44:09.471 label_id      label    iU    Precision Recall TP     FP    FN
12-24 22:44:09.471  0                0    97.9    1.0       1.0   37.2     0.0     0.0
12-24 22:44:09.471  1                1    83.0    0.9       0.9    4.9     0.1     0.1
12-24 22:44:09.471  2                2    91.3    1.0       0.9   21.0     0.0     0.1
12-24 22:44:09.471  3                3    54.7    0.6       0.8    0.5     0.6     0.2
12-24 22:44:09.472  4                4    58.3    0.7       0.8    0.6     0.4     0.3
12-24 22:44:09.472  5                5    55.3    0.7       0.8    1.0     0.5     0.3
12-24 22:44:09.472  6                6    60.3    0.7       0.8    0.1     0.4     0.3
12-24 22:44:09.472  7                7    71.7    0.8       0.9    0.5     0.2     0.2
12-24 22:44:09.472  8                8    91.4    1.0       0.9   16.7     0.0     0.1
12-24 22:44:09.472  9                9    59.1    0.7       0.8    0.6     0.5     0.2
12-24 22:44:09.472 10               10    93.8    1.0       1.0    3.3     0.0     0.0
12-24 22:44:09.473 11               11    76.4    0.9       0.9    1.1     0.1     0.2
12-24 22:44:09.473 12               12    53.1    0.6       0.8    0.1     0.6     0.3
12-24 22:44:09.473 13               13    93.9    1.0       1.0    6.3     0.0     0.0
12-24 22:44:09.473 14               14    73.5    0.8       0.9    0.2     0.2     0.1
12-24 22:44:09.473 15               15    84.3    0.9       0.9    0.4     0.1     0.1
12-24 22:44:09.473 16               16    67.8    0.7       0.9    0.1     0.4     0.1
12-24 22:44:09.473 17               17    59.2    0.7       0.8    0.1     0.4     0.3
12-24 22:44:09.474 18               18    72.4    0.9       0.8    0.6     0.2     0.2
12-24 22:44:09.474 mean 0.7353367805480957
12-24 22:44:09.636 -----------------------------------------------------------------------------------------------------------
12-24 22:44:09.637 [epoch 17], [val loss 0.13414], [acc 0.95379], [acc_cls 0.81525], [mean_iu 0.73534], [fwavacc 0.91522]
12-24 22:44:09.637 best record: [val loss 0.13373], [acc 0.95388], [acc_cls 0.81753], [mean_iu 0.73930], [fwavacc 0.91532], [epoch 16], 
12-24 22:44:09.637 -----------------------------------------------------------------------------------------------------------
12-24 22:44:09.999 Class Uniform Percentage: 0.5
12-24 22:44:10.009 Class Uniform items per Epoch:2975
12-24 22:44:10.016 cls 0 len 5866
12-24 22:44:10.016 cls 1 len 5184
12-24 22:44:10.016 cls 2 len 5678
12-24 22:44:10.016 cls 3 len 1312
12-24 22:44:10.016 cls 4 len 1723
12-24 22:44:10.016 cls 5 len 5656
12-24 22:44:10.017 cls 6 len 2769
12-24 22:44:10.017 cls 7 len 4860
12-24 22:44:10.017 cls 8 len 5388
12-24 22:44:10.017 cls 9 len 2440
12-24 22:44:10.017 cls 10 len 4722
12-24 22:44:10.017 cls 11 len 3719
12-24 22:44:10.017 cls 12 len 1239
12-24 22:44:10.018 cls 13 len 5075
12-24 22:44:10.018 cls 14 len 444
12-24 22:44:10.018 cls 15 len 348
12-24 22:44:10.018 cls 16 len 188
12-24 22:44:10.018 cls 17 len 575
12-24 22:44:10.018 cls 18 len 2238
