12-27 10:29:16.996 train fine cities: ['train/aachen', 'train/bochum', 'train/bremen', 'train/cologne', 'train/darmstadt', 'train/dusseldorf', 'train/erfurt', 'train/hamburg', 'train/hanover', 'train/jena', 'train/krefeld', 'train/monchengladbach', 'train/strasbourg', 'train/stuttgart', 'train/tubingen', 'train/ulm', 'train/weimar', 'train/zurich']
12-27 10:29:17.045 Cityscapes-train: 2975 images
12-27 10:29:17.902 Class Uniform Percentage: 0.7
12-27 10:29:17.905 Class Uniform items per Epoch:2975
12-27 10:29:17.905 cls 0 len 5866
12-27 10:29:17.906 cls 1 len 5184
12-27 10:29:17.906 cls 2 len 5678
12-27 10:29:17.906 cls 3 len 1312
12-27 10:29:17.906 cls 4 len 1723
12-27 10:29:17.906 cls 5 len 5656
12-27 10:29:17.906 cls 6 len 2769
12-27 10:29:17.906 cls 7 len 4860
12-27 10:29:17.906 cls 8 len 5388
12-27 10:29:17.906 cls 9 len 2440
12-27 10:29:17.906 cls 10 len 4722
12-27 10:29:17.906 cls 11 len 3719
12-27 10:29:17.906 cls 12 len 1239
12-27 10:29:17.906 cls 13 len 5075
12-27 10:29:17.906 cls 14 len 444
12-27 10:29:17.907 cls 15 len 348
12-27 10:29:17.907 cls 16 len 188
12-27 10:29:17.907 cls 17 len 575
12-27 10:29:17.907 cls 18 len 2238
12-27 10:29:17.910 val fine cities: ['val/munster', 'val/frankfurt', 'val/lindau']
12-27 10:29:17.913 Cityscapes-val: 500 images
12-27 10:29:18.286 Model params = 16.612M
12-27 10:29:20.132 Loading weights from model /home/mist/HANet/logs/0101/m_os16_hanet/12_26_23_SAWithAtt_75815/best_epoch_202_mean-iu_0.75815.pth
12-27 10:29:20.205 Checkpoint Load Compelete
12-27 10:29:58.329 [epoch 0], [iter 50 / 248 : 50], [loss 0.213777], [lr 0.000098], [lr_at 0.000098], [time 0.1154]
12-27 10:30:27.331 [epoch 0], [iter 100 / 248 : 100], [loss 0.213023], [lr 0.000095], [lr_at 0.000095], [time 0.0938]
12-27 10:30:56.323 [epoch 0], [iter 150 / 248 : 150], [loss 0.215851], [lr 0.000093], [lr_at 0.000093], [time 0.0938]
12-27 10:31:25.147 [epoch 0], [iter 200 / 248 : 200], [loss 0.221348], [lr 0.000091], [lr_at 0.000091], [time 0.0932]
12-27 10:31:56.963 validating: 1 / 250
12-27 10:32:00.356 validating: 21 / 250
12-27 10:32:03.547 validating: 41 / 250
12-27 10:32:06.747 validating: 61 / 250
12-27 10:32:09.944 validating: 81 / 250
12-27 10:32:13.116 validating: 101 / 250
12-27 10:32:16.261 validating: 121 / 250
12-27 10:32:19.416 validating: 141 / 250
12-27 10:32:22.597 validating: 161 / 250
12-27 10:32:25.790 validating: 181 / 250
12-27 10:32:28.988 validating: 201 / 250
12-27 10:32:32.143 validating: 221 / 250
12-27 10:32:35.278 validating: 241 / 250
12-27 10:32:39.946 IoU:
12-27 10:32:39.946 label_id      label    iU    Precision Recall TP     FP    FN
12-27 10:32:39.946  0                0    98.2    1.0       1.0   37.3     0.0     0.0
12-27 10:32:39.946  1                1    84.7    0.9       0.9    5.0     0.1     0.1
12-27 10:32:39.947  2                2    91.7    1.0       1.0   21.0     0.0     0.0
12-27 10:32:39.947  3                3    61.7    0.7       0.9    0.5     0.5     0.2
12-27 10:32:39.947  4                4    59.2    0.7       0.8    0.6     0.4     0.3
12-27 10:32:39.947  5                5    57.0    0.7       0.8    1.0     0.5     0.3
12-27 10:32:39.947  6                6    62.8    0.8       0.8    0.2     0.3     0.3
12-27 10:32:39.947  7                7    72.8    0.8       0.9    0.5     0.2     0.1
12-27 10:32:39.947  8                8    91.5    1.0       0.9   16.7     0.0     0.1
12-27 10:32:39.947  9                9    62.5    0.7       0.9    0.6     0.4     0.2
12-27 10:32:39.948 10               10    94.1    1.0       1.0    3.3     0.0     0.0
12-27 10:32:39.948 11               11    77.2    0.9       0.9    1.1     0.1     0.2
12-27 10:32:39.948 12               12    56.8    0.7       0.8    0.1     0.5     0.3
12-27 10:32:39.948 13               13    94.1    1.0       1.0    6.3     0.0     0.0
12-27 10:32:39.948 14               14    80.3    0.9       0.9    0.3     0.2     0.1
12-27 10:32:39.948 15               15    86.5    0.9       0.9    0.4     0.1     0.1
12-27 10:32:39.948 16               16    76.4    0.8       0.9    0.1     0.2     0.1
12-27 10:32:39.949 17               17    60.4    0.7       0.8    0.1     0.3     0.3
12-27 10:32:39.949 18               18    72.9    0.9       0.8    0.6     0.2     0.2
12-27 10:32:39.949 mean 0.7583655714988708
12-27 10:32:40.217 -----------------------------------------------------------------------------------------------------------
12-27 10:32:40.218 [epoch 1], [val loss 0.12704], [acc 0.95682], [acc_cls 0.83714], [mean_iu 0.75837], [fwavacc 0.92042]
12-27 10:32:40.218 best record: [val loss 0.12704], [acc 0.95682], [acc_cls 0.83714], [mean_iu 0.75837], [fwavacc 0.92042], [epoch 1], 
12-27 10:32:40.218 -----------------------------------------------------------------------------------------------------------
12-27 10:32:40.241 Class Uniform Percentage: 0.7
12-27 10:32:40.242 Class Uniform items per Epoch:2975
12-27 10:32:40.244 cls 0 len 5866
12-27 10:32:40.244 cls 1 len 5184
12-27 10:32:40.244 cls 2 len 5678
12-27 10:32:40.244 cls 3 len 1312
12-27 10:32:40.244 cls 4 len 1723
12-27 10:32:40.244 cls 5 len 5656
12-27 10:32:40.244 cls 6 len 2769
12-27 10:32:40.244 cls 7 len 4860
12-27 10:32:40.244 cls 8 len 5388
12-27 10:32:40.244 cls 9 len 2440
12-27 10:32:40.244 cls 10 len 4722
12-27 10:32:40.245 cls 11 len 3719
12-27 10:32:40.245 cls 12 len 1239
12-27 10:32:40.245 cls 13 len 5075
12-27 10:32:40.245 cls 14 len 444
12-27 10:32:40.245 cls 15 len 348
12-27 10:32:40.245 cls 16 len 188
12-27 10:32:40.245 cls 17 len 575
12-27 10:32:40.245 cls 18 len 2238
12-27 10:33:12.034 [epoch 1], [iter 50 / 248 : 298], [loss 0.218962], [lr 0.000086], [lr_at 0.000086], [time 0.0940]
12-27 10:33:41.018 [epoch 1], [iter 100 / 248 : 348], [loss 0.205242], [lr 0.000084], [lr_at 0.000084], [time 0.0938]
12-27 10:34:10.206 [epoch 1], [iter 150 / 248 : 398], [loss 0.212949], [lr 0.000082], [lr_at 0.000082], [time 0.0945]
12-27 10:34:39.226 [epoch 1], [iter 200 / 248 : 448], [loss 0.212907], [lr 0.000080], [lr_at 0.000080], [time 0.0940]
12-27 10:35:07.726 validating: 1 / 250
12-27 10:35:11.205 validating: 21 / 250
12-27 10:35:14.426 validating: 41 / 250
12-27 10:35:17.689 validating: 61 / 250
12-27 10:35:20.996 validating: 81 / 250
12-27 10:35:24.241 validating: 101 / 250
12-27 10:35:27.447 validating: 121 / 250
12-27 10:35:30.686 validating: 141 / 250
12-27 10:35:33.892 validating: 161 / 250
12-27 10:35:37.118 validating: 181 / 250
12-27 10:35:40.341 validating: 201 / 250
12-27 10:35:43.573 validating: 221 / 250
12-27 10:35:46.800 validating: 241 / 250
12-27 10:35:48.267 IoU:
12-27 10:35:48.268 label_id      label    iU    Precision Recall TP     FP    FN
12-27 10:35:48.268  0                0    98.2    1.0       1.0   37.4     0.0     0.0
12-27 10:35:48.268  1                1    84.5    0.9       0.9    4.9     0.1     0.1
12-27 10:35:48.268  2                2    91.7    1.0       1.0   21.1     0.0     0.1
12-27 10:35:48.268  3                3    61.8    0.7       0.9    0.5     0.5     0.2
12-27 10:35:48.268  4                4    59.4    0.7       0.8    0.6     0.4     0.3
12-27 10:35:48.269  5                5    57.1    0.7       0.8    1.0     0.4     0.3
12-27 10:35:48.269  6                6    62.9    0.8       0.8    0.2     0.3     0.3
12-27 10:35:48.269  7                7    72.7    0.8       0.9    0.5     0.2     0.1
12-27 10:35:48.269  8                8    91.6    1.0       1.0   16.7     0.0     0.1
12-27 10:35:48.269  9                9    63.1    0.7       0.8    0.6     0.4     0.2
12-27 10:35:48.269 10               10    94.3    1.0       1.0    3.3     0.0     0.0
12-27 10:35:48.269 11               11    77.3    0.9       0.9    1.1     0.1     0.2
12-27 10:35:48.270 12               12    57.2    0.7       0.8    0.1     0.5     0.3
12-27 10:35:48.270 13               13    94.1    1.0       1.0    6.3     0.0     0.0
12-27 10:35:48.270 14               14    80.8    0.9       0.9    0.3     0.2     0.1
12-27 10:35:48.270 15               15    86.8    0.9       0.9    0.4     0.1     0.1
12-27 10:35:48.270 16               16    77.6    0.9       0.9    0.1     0.2     0.1
12-27 10:35:48.270 17               17    60.8    0.7       0.8    0.1     0.4     0.3
12-27 10:35:48.271 18               18    73.0    0.9       0.8    0.6     0.2     0.2
12-27 10:35:48.271 mean 0.7603862881660461
12-27 10:35:48.582 -----------------------------------------------------------------------------------------------------------
12-27 10:35:48.582 [epoch 2], [val loss 0.12663], [acc 0.95694], [acc_cls 0.84156], [mean_iu 0.76039], [fwavacc 0.92069]
12-27 10:35:48.583 best record: [val loss 0.12663], [acc 0.95694], [acc_cls 0.84156], [mean_iu 0.76039], [fwavacc 0.92069], [epoch 2], 
12-27 10:35:48.583 -----------------------------------------------------------------------------------------------------------
12-27 10:35:48.609 Class Uniform Percentage: 0.7
12-27 10:35:48.609 Class Uniform items per Epoch:2975
12-27 10:35:48.610 cls 0 len 5866
12-27 10:35:48.610 cls 1 len 5184
12-27 10:35:48.610 cls 2 len 5678
12-27 10:35:48.611 cls 3 len 1312
12-27 10:35:48.611 cls 4 len 1723
12-27 10:35:48.611 cls 5 len 5656
12-27 10:35:48.611 cls 6 len 2769
12-27 10:35:48.611 cls 7 len 4860
12-27 10:35:48.611 cls 8 len 5388
12-27 10:35:48.611 cls 9 len 2440
12-27 10:35:48.611 cls 10 len 4722
12-27 10:35:48.611 cls 11 len 3719
12-27 10:35:48.611 cls 12 len 1239
12-27 10:35:48.611 cls 13 len 5075
12-27 10:35:48.611 cls 14 len 444
12-27 10:35:48.612 cls 15 len 348
12-27 10:35:48.612 cls 16 len 188
12-27 10:35:48.612 cls 17 len 575
12-27 10:35:48.612 cls 18 len 2238
12-27 10:36:20.416 [epoch 2], [iter 50 / 248 : 546], [loss 0.214206], [lr 0.000075], [lr_at 0.000075], [time 0.0935]
12-27 10:36:49.767 [epoch 2], [iter 100 / 248 : 596], [loss 0.211616], [lr 0.000073], [lr_at 0.000073], [time 0.0945]
12-27 10:37:19.117 [epoch 2], [iter 150 / 248 : 646], [loss 0.211054], [lr 0.000070], [lr_at 0.000070], [time 0.0945]
12-27 10:37:48.509 [epoch 2], [iter 200 / 248 : 696], [loss 0.218935], [lr 0.000068], [lr_at 0.000068], [time 0.0946]
12-27 10:38:17.289 validating: 1 / 250
12-27 10:38:20.829 validating: 21 / 250
12-27 10:38:24.078 validating: 41 / 250
12-27 10:38:27.400 validating: 61 / 250
12-27 10:38:30.688 validating: 81 / 250
12-27 10:38:33.928 validating: 101 / 250
12-27 10:38:37.168 validating: 121 / 250
12-27 10:38:40.376 validating: 141 / 250
12-27 10:38:43.614 validating: 161 / 250
12-27 10:38:46.831 validating: 181 / 250
12-27 10:38:50.059 validating: 201 / 250
12-27 10:38:53.266 validating: 221 / 250
12-27 10:38:56.467 validating: 241 / 250
12-27 10:38:58.038 IoU:
12-27 10:38:58.038 label_id      label    iU    Precision Recall TP     FP    FN
12-27 10:38:58.038  0                0    98.2    1.0       1.0   37.3     0.0     0.0
12-27 10:38:58.039  1                1    84.5    0.9       0.9    5.0     0.1     0.1
12-27 10:38:58.039  2                2    91.6    1.0       1.0   21.1     0.0     0.1
12-27 10:38:58.039  3                3    61.2    0.7       0.9    0.5     0.5     0.2
12-27 10:38:58.039  4                4    58.4    0.7       0.8    0.6     0.4     0.3
12-27 10:38:58.039  5                5    56.6    0.7       0.8    1.0     0.5     0.3
12-27 10:38:58.039  6                6    62.5    0.8       0.8    0.1     0.3     0.3
12-27 10:38:58.040  7                7    72.7    0.8       0.9    0.5     0.2     0.1
12-27 10:38:58.040  8                8    91.5    1.0       0.9   16.7     0.0     0.1
12-27 10:38:58.040  9                9    61.1    0.7       0.9    0.6     0.5     0.2
12-27 10:38:58.040 10               10    94.2    1.0       1.0    3.3     0.0     0.0
12-27 10:38:58.040 11               11    77.2    0.9       0.9    1.1     0.1     0.2
12-27 10:38:58.040 12               12    56.9    0.7       0.8    0.1     0.5     0.3
12-27 10:38:58.040 13               13    94.1    1.0       1.0    6.3     0.0     0.0
12-27 10:38:58.041 14               14    79.5    0.9       0.9    0.3     0.2     0.1
12-27 10:38:58.041 15               15    86.5    0.9       0.9    0.4     0.1     0.1
12-27 10:38:58.041 16               16    76.8    0.9       0.9    0.1     0.2     0.1
12-27 10:38:58.041 17               17    59.8    0.8       0.7    0.1     0.3     0.4
12-27 10:38:58.041 18               18    72.9    0.9       0.8    0.6     0.2     0.2
12-27 10:38:58.041 mean 0.7557920813560486
12-27 10:38:58.197 -----------------------------------------------------------------------------------------------------------
12-27 10:38:58.198 [epoch 3], [val loss 0.12902], [acc 0.95651], [acc_cls 0.83623], [mean_iu 0.75579], [fwavacc 0.91976]
12-27 10:38:58.198 best record: [val loss 0.12663], [acc 0.95694], [acc_cls 0.84156], [mean_iu 0.76039], [fwavacc 0.92069], [epoch 2], 
12-27 10:38:58.198 -----------------------------------------------------------------------------------------------------------
12-27 10:38:58.225 Class Uniform Percentage: 0.7
12-27 10:38:58.225 Class Uniform items per Epoch:2975
12-27 10:38:58.226 cls 0 len 5866
12-27 10:38:58.226 cls 1 len 5184
12-27 10:38:58.226 cls 2 len 5678
12-27 10:38:58.226 cls 3 len 1312
12-27 10:38:58.226 cls 4 len 1723
12-27 10:38:58.226 cls 5 len 5656
12-27 10:38:58.226 cls 6 len 2769
12-27 10:38:58.226 cls 7 len 4860
12-27 10:38:58.226 cls 8 len 5388
12-27 10:38:58.226 cls 9 len 2440
12-27 10:38:58.226 cls 10 len 4722
12-27 10:38:58.227 cls 11 len 3719
12-27 10:38:58.227 cls 12 len 1239
12-27 10:38:58.227 cls 13 len 5075
12-27 10:38:58.227 cls 14 len 444
12-27 10:38:58.227 cls 15 len 348
12-27 10:38:58.227 cls 16 len 188
12-27 10:38:58.227 cls 17 len 575
12-27 10:38:58.227 cls 18 len 2238
12-27 10:39:29.925 [epoch 3], [iter 50 / 248 : 794], [loss 0.207888], [lr 0.000063], [lr_at 0.000063], [time 0.0940]
12-27 10:39:59.010 [epoch 3], [iter 100 / 248 : 844], [loss 0.216272], [lr 0.000061], [lr_at 0.000061], [time 0.0942]
12-27 10:40:28.083 [epoch 3], [iter 150 / 248 : 894], [loss 0.220728], [lr 0.000059], [lr_at 0.000059], [time 0.0941]
12-27 10:40:57.179 [epoch 3], [iter 200 / 248 : 944], [loss 0.217083], [lr 0.000056], [lr_at 0.000056], [time 0.0942]
12-27 10:41:25.752 validating: 1 / 250
12-27 10:41:29.258 validating: 21 / 250
12-27 10:41:32.632 validating: 41 / 250
12-27 10:41:35.969 validating: 61 / 250
12-27 10:41:39.196 validating: 81 / 250
12-27 10:41:42.506 validating: 101 / 250
12-27 10:41:45.817 validating: 121 / 250
12-27 10:41:49.049 validating: 141 / 250
12-27 10:41:52.282 validating: 161 / 250
12-27 10:41:55.552 validating: 181 / 250
12-27 10:41:58.787 validating: 201 / 250
12-27 10:42:02.014 validating: 221 / 250
12-27 10:42:05.215 validating: 241 / 250
12-27 10:42:06.706 IoU:
12-27 10:42:06.706 label_id      label    iU    Precision Recall TP     FP    FN
12-27 10:42:06.707  0                0    98.2    1.0       1.0   37.3     0.0     0.0
12-27 10:42:06.707  1                1    84.5    0.9       0.9    5.0     0.1     0.1
12-27 10:42:06.707  2                2    91.7    1.0       1.0   21.1     0.0     0.1
12-27 10:42:06.707  3                3    61.9    0.7       0.9    0.5     0.5     0.2
12-27 10:42:06.707  4                4    59.4    0.7       0.8    0.6     0.4     0.3
12-27 10:42:06.708  5                5    56.7    0.7       0.8    1.0     0.5     0.3
12-27 10:42:06.708  6                6    62.5    0.7       0.8    0.1     0.3     0.3
12-27 10:42:06.708  7                7    72.7    0.8       0.9    0.5     0.2     0.1
12-27 10:42:06.708  8                8    91.6    1.0       0.9   16.7     0.0     0.1
12-27 10:42:06.708  9                9    62.6    0.7       0.9    0.6     0.4     0.2
12-27 10:42:06.708 10               10    94.2    1.0       1.0    3.3     0.0     0.0
12-27 10:42:06.708 11               11    77.3    0.9       0.9    1.1     0.1     0.2
12-27 10:42:06.709 12               12    57.3    0.7       0.8    0.2     0.4     0.3
12-27 10:42:06.709 13               13    94.1    1.0       1.0    6.3     0.0     0.0
12-27 10:42:06.709 14               14    80.3    0.9       0.9    0.3     0.2     0.1
12-27 10:42:06.709 15               15    86.9    0.9       0.9    0.4     0.1     0.1
12-27 10:42:06.709 16               16    77.7    0.8       0.9    0.1     0.2     0.1
12-27 10:42:06.709 17               17    59.6    0.7       0.7    0.1     0.3     0.3
12-27 10:42:06.709 18               18    72.9    0.8       0.8    0.6     0.2     0.2
12-27 10:42:06.710 mean 0.7589377760887146
12-27 10:42:06.861 -----------------------------------------------------------------------------------------------------------
12-27 10:42:06.862 [epoch 4], [val loss 0.12703], [acc 0.95684], [acc_cls 0.83702], [mean_iu 0.75894], [fwavacc 0.92036]
12-27 10:42:06.862 best record: [val loss 0.12663], [acc 0.95694], [acc_cls 0.84156], [mean_iu 0.76039], [fwavacc 0.92069], [epoch 2], 
12-27 10:42:06.862 -----------------------------------------------------------------------------------------------------------
12-27 10:42:06.888 Class Uniform Percentage: 0.7
12-27 10:42:06.888 Class Uniform items per Epoch:2975
12-27 10:42:06.889 cls 0 len 5866
12-27 10:42:06.889 cls 1 len 5184
12-27 10:42:06.889 cls 2 len 5678
12-27 10:42:06.889 cls 3 len 1312
12-27 10:42:06.889 cls 4 len 1723
12-27 10:42:06.889 cls 5 len 5656
12-27 10:42:06.889 cls 6 len 2769
12-27 10:42:06.889 cls 7 len 4860
12-27 10:42:06.889 cls 8 len 5388
12-27 10:42:06.889 cls 9 len 2440
12-27 10:42:06.890 cls 10 len 4722
12-27 10:42:06.890 cls 11 len 3719
12-27 10:42:06.890 cls 12 len 1239
12-27 10:42:06.890 cls 13 len 5075
12-27 10:42:06.890 cls 14 len 444
12-27 10:42:06.890 cls 15 len 348
12-27 10:42:06.890 cls 16 len 188
12-27 10:42:06.890 cls 17 len 575
12-27 10:42:06.890 cls 18 len 2238
12-27 10:42:39.021 [epoch 4], [iter 50 / 248 : 1042], [loss 0.214797], [lr 0.000052], [lr_at 0.000052], [time 0.0941]
12-27 10:43:08.502 [epoch 4], [iter 100 / 248 : 1092], [loss 0.219470], [lr 0.000049], [lr_at 0.000049], [time 0.0945]
12-27 10:43:37.948 [epoch 4], [iter 150 / 248 : 1142], [loss 0.215989], [lr 0.000047], [lr_at 0.000047], [time 0.0946]
12-27 10:44:07.429 [epoch 4], [iter 200 / 248 : 1192], [loss 0.221127], [lr 0.000044], [lr_at 0.000044], [time 0.0948]
12-27 10:44:36.333 validating: 1 / 250
12-27 10:44:39.816 validating: 21 / 250
12-27 10:44:43.309 validating: 41 / 250
12-27 10:44:46.593 validating: 61 / 250
12-27 10:44:49.805 validating: 81 / 250
12-27 10:44:53.042 validating: 101 / 250
12-27 10:44:56.250 validating: 121 / 250
12-27 10:44:59.433 validating: 141 / 250
12-27 10:45:02.641 validating: 161 / 250
12-27 10:45:05.830 validating: 181 / 250
12-27 10:45:09.071 validating: 201 / 250
12-27 10:45:12.269 validating: 221 / 250
12-27 10:45:15.443 validating: 241 / 250
12-27 10:45:16.916 IoU:
12-27 10:45:16.916 label_id      label    iU    Precision Recall TP     FP    FN
12-27 10:45:16.917  0                0    98.2    1.0       1.0   37.3     0.0     0.0
12-27 10:45:16.917  1                1    84.5    0.9       0.9    5.0     0.1     0.1
12-27 10:45:16.917  2                2    91.6    1.0       1.0   21.0     0.0     0.1
12-27 10:45:16.917  3                3    60.7    0.7       0.9    0.5     0.5     0.2
12-27 10:45:16.917  4                4    59.3    0.7       0.8    0.6     0.4     0.3
12-27 10:45:16.917  5                5    56.9    0.7       0.8    1.0     0.5     0.3
12-27 10:45:16.918  6                6    62.7    0.8       0.8    0.2     0.3     0.3
12-27 10:45:16.918  7                7    72.7    0.8       0.9    0.5     0.2     0.1
12-27 10:45:16.918  8                8    91.5    1.0       0.9   16.7     0.0     0.1
12-27 10:45:16.918  9                9    61.9    0.7       0.9    0.6     0.4     0.2
12-27 10:45:16.918 10               10    94.2    1.0       1.0    3.3     0.0     0.0
12-27 10:45:16.918 11               11    77.3    0.9       0.9    1.1     0.1     0.1
12-27 10:45:16.918 12               12    57.3    0.7       0.8    0.2     0.4     0.3
12-27 10:45:16.918 13               13    94.1    1.0       1.0    6.3     0.0     0.0
12-27 10:45:16.919 14               14    80.9    0.9       0.9    0.3     0.1     0.1
12-27 10:45:16.919 15               15    86.9    0.9       0.9    0.4     0.1     0.1
12-27 10:45:16.919 16               16    77.9    0.8       0.9    0.1     0.2     0.1
12-27 10:45:16.919 17               17    59.8    0.8       0.7    0.1     0.3     0.4
12-27 10:45:16.919 18               18    72.8    0.9       0.8    0.6     0.2     0.2
12-27 10:45:16.919 mean 0.7585219144821167
12-27 10:45:17.072 -----------------------------------------------------------------------------------------------------------
12-27 10:45:17.072 [epoch 5], [val loss 0.12778], [acc 0.95660], [acc_cls 0.83890], [mean_iu 0.75852], [fwavacc 0.92004]
12-27 10:45:17.072 best record: [val loss 0.12663], [acc 0.95694], [acc_cls 0.84156], [mean_iu 0.76039], [fwavacc 0.92069], [epoch 2], 
12-27 10:45:17.072 -----------------------------------------------------------------------------------------------------------
12-27 10:45:17.097 Class Uniform Percentage: 0.7
12-27 10:45:17.097 Class Uniform items per Epoch:2975
12-27 10:45:17.098 cls 0 len 5866
12-27 10:45:17.098 cls 1 len 5184
12-27 10:45:17.098 cls 2 len 5678
12-27 10:45:17.098 cls 3 len 1312
12-27 10:45:17.098 cls 4 len 1723
12-27 10:45:17.098 cls 5 len 5656
12-27 10:45:17.098 cls 6 len 2769
12-27 10:45:17.099 cls 7 len 4860
12-27 10:45:17.099 cls 8 len 5388
12-27 10:45:17.099 cls 9 len 2440
12-27 10:45:17.099 cls 10 len 4722
12-27 10:45:17.099 cls 11 len 3719
12-27 10:45:17.099 cls 12 len 1239
12-27 10:45:17.099 cls 13 len 5075
12-27 10:45:17.099 cls 14 len 444
12-27 10:45:17.099 cls 15 len 348
12-27 10:45:17.099 cls 16 len 188
12-27 10:45:17.099 cls 17 len 575
12-27 10:45:17.099 cls 18 len 2238
12-27 10:45:48.605 [epoch 5], [iter 50 / 248 : 1290], [loss 0.220408], [lr 0.000039], [lr_at 0.000039], [time 0.0937]
12-27 10:46:17.650 [epoch 5], [iter 100 / 248 : 1340], [loss 0.210096], [lr 0.000037], [lr_at 0.000037], [time 0.0939]
12-27 10:46:46.735 [epoch 5], [iter 150 / 248 : 1390], [loss 0.208614], [lr 0.000034], [lr_at 0.000034], [time 0.0942]
12-27 10:47:15.819 [epoch 5], [iter 200 / 248 : 1440], [loss 0.210926], [lr 0.000032], [lr_at 0.000032], [time 0.0941]
12-27 10:47:44.419 validating: 1 / 250
12-27 10:47:47.898 validating: 21 / 250
12-27 10:47:51.170 validating: 41 / 250
12-27 10:47:54.398 validating: 61 / 250
12-27 10:47:57.616 validating: 81 / 250
12-27 10:48:00.859 validating: 101 / 250
12-27 10:48:04.058 validating: 121 / 250
12-27 10:48:07.273 validating: 141 / 250
12-27 10:48:10.499 validating: 161 / 250
12-27 10:48:13.714 validating: 181 / 250
12-27 10:48:16.943 validating: 201 / 250
12-27 10:48:20.182 validating: 221 / 250
12-27 10:48:23.350 validating: 241 / 250
12-27 10:48:26.221 IoU:
12-27 10:48:26.221 label_id      label    iU    Precision Recall TP     FP    FN
12-27 10:48:26.222  0                0    98.2    1.0       1.0   37.3     0.0     0.0
12-27 10:48:26.222  1                1    84.7    0.9       0.9    5.0     0.1     0.1
12-27 10:48:26.222  2                2    91.7    1.0       1.0   21.0     0.0     0.0
12-27 10:48:26.222  3                3    61.8    0.7       0.8    0.5     0.4     0.2
12-27 10:48:26.222  4                4    60.2    0.7       0.8    0.6     0.4     0.3
12-27 10:48:26.222  5                5    57.0    0.7       0.8    1.0     0.5     0.3
12-27 10:48:26.223  6                6    62.7    0.8       0.8    0.1     0.3     0.3
12-27 10:48:26.223  7                7    72.7    0.8       0.9    0.5     0.2     0.1
12-27 10:48:26.223  8                8    91.6    1.0       0.9   16.7     0.0     0.1
12-27 10:48:26.223  9                9    62.3    0.7       0.8    0.6     0.4     0.2
12-27 10:48:26.223 10               10    94.3    1.0       1.0    3.3     0.0     0.0
12-27 10:48:26.223 11               11    77.3    0.9       0.9    1.1     0.1     0.2
12-27 10:48:26.223 12               12    57.3    0.7       0.8    0.2     0.4     0.3
12-27 10:48:26.224 13               13    94.1    1.0       1.0    6.3     0.0     0.0
12-27 10:48:26.224 14               14    81.3    0.9       0.9    0.3     0.1     0.1
12-27 10:48:26.224 15               15    87.0    0.9       0.9    0.4     0.1     0.1
12-27 10:48:26.224 16               16    78.1    0.9       0.9    0.1     0.2     0.1
12-27 10:48:26.224 17               17    60.4    0.7       0.8    0.1     0.3     0.3
12-27 10:48:26.224 18               18    72.7    0.9       0.8    0.6     0.2     0.2
12-27 10:48:26.224 mean 0.7606738805770874
12-27 10:48:26.532 -----------------------------------------------------------------------------------------------------------
12-27 10:48:26.532 [epoch 6], [val loss 0.12656], [acc 0.95698], [acc_cls 0.84277], [mean_iu 0.76067], [fwavacc 0.92082]
12-27 10:48:26.532 best record: [val loss 0.12656], [acc 0.95698], [acc_cls 0.84277], [mean_iu 0.76067], [fwavacc 0.92082], [epoch 6], 
12-27 10:48:26.533 -----------------------------------------------------------------------------------------------------------
12-27 10:48:26.557 Class Uniform Percentage: 0.7
12-27 10:48:26.557 Class Uniform items per Epoch:2975
12-27 10:48:26.558 cls 0 len 5866
12-27 10:48:26.558 cls 1 len 5184
12-27 10:48:26.558 cls 2 len 5678
12-27 10:48:26.558 cls 3 len 1312
12-27 10:48:26.558 cls 4 len 1723
12-27 10:48:26.558 cls 5 len 5656
12-27 10:48:26.559 cls 6 len 2769
12-27 10:48:26.559 cls 7 len 4860
12-27 10:48:26.559 cls 8 len 5388
12-27 10:48:26.559 cls 9 len 2440
12-27 10:48:26.559 cls 10 len 4722
12-27 10:48:26.559 cls 11 len 3719
12-27 10:48:26.559 cls 12 len 1239
12-27 10:48:26.559 cls 13 len 5075
12-27 10:48:26.559 cls 14 len 444
12-27 10:48:26.559 cls 15 len 348
12-27 10:48:26.559 cls 16 len 188
12-27 10:48:26.560 cls 17 len 575
12-27 10:48:26.560 cls 18 len 2238
12-27 10:48:58.149 [epoch 6], [iter 50 / 248 : 1538], [loss 0.216077], [lr 0.000027], [lr_at 0.000027], [time 0.0934]
12-27 10:49:27.176 [epoch 6], [iter 100 / 248 : 1588], [loss 0.216763], [lr 0.000024], [lr_at 0.000024], [time 0.0939]
12-27 10:49:56.232 [epoch 6], [iter 150 / 248 : 1638], [loss 0.212437], [lr 0.000021], [lr_at 0.000021], [time 0.0941]
12-27 10:50:25.355 [epoch 6], [iter 200 / 248 : 1688], [loss 0.216869], [lr 0.000019], [lr_at 0.000019], [time 0.0943]
12-27 10:50:53.935 validating: 1 / 250
12-27 10:50:57.424 validating: 21 / 250
12-27 10:51:00.652 validating: 41 / 250
12-27 10:51:03.912 validating: 61 / 250
12-27 10:51:07.133 validating: 81 / 250
12-27 10:51:10.352 validating: 101 / 250
12-27 10:51:13.574 validating: 121 / 250
12-27 10:51:16.781 validating: 141 / 250
12-27 10:51:19.981 validating: 161 / 250
12-27 10:51:23.211 validating: 181 / 250
12-27 10:51:26.441 validating: 201 / 250
12-27 10:51:29.657 validating: 221 / 250
12-27 10:51:32.850 validating: 241 / 250
12-27 10:51:35.146 IoU:
12-27 10:51:35.146 label_id      label    iU    Precision Recall TP     FP    FN
12-27 10:51:35.147  0                0    98.2    1.0       1.0   37.3     0.0     0.0
12-27 10:51:35.147  1                1    84.6    0.9       0.9    5.0     0.1     0.1
12-27 10:51:35.147  2                2    91.7    1.0       1.0   21.1     0.0     0.0
12-27 10:51:35.147  3                3    61.3    0.7       0.9    0.5     0.5     0.2
12-27 10:51:35.147  4                4    59.6    0.7       0.8    0.6     0.4     0.3
12-27 10:51:35.147  5                5    56.8    0.7       0.8    1.0     0.5     0.3
12-27 10:51:35.147  6                6    62.5    0.8       0.8    0.1     0.3     0.3
12-27 10:51:35.148  7                7    72.9    0.8       0.9    0.5     0.2     0.1
12-27 10:51:35.148  8                8    91.6    1.0       0.9   16.7     0.0     0.1
12-27 10:51:35.148  9                9    61.8    0.7       0.9    0.6     0.5     0.2
12-27 10:51:35.148 10               10    94.3    1.0       1.0    3.3     0.0     0.0
12-27 10:51:35.148 11               11    77.3    0.9       0.9    1.1     0.1     0.2
12-27 10:51:35.148 12               12    57.0    0.7       0.8    0.1     0.5     0.3
12-27 10:51:35.148 13               13    94.1    1.0       1.0    6.3     0.0     0.0
12-27 10:51:35.149 14               14    80.8    0.9       0.9    0.3     0.2     0.1
12-27 10:51:35.149 15               15    87.0    0.9       0.9    0.4     0.1     0.1
12-27 10:51:35.149 16               16    77.9    0.9       0.9    0.1     0.2     0.1
12-27 10:51:35.149 17               17    60.1    0.7       0.8    0.1     0.3     0.3
12-27 10:51:35.149 18               18    72.9    0.9       0.8    0.6     0.2     0.2
12-27 10:51:35.149 mean 0.759056031703949
12-27 10:51:35.304 -----------------------------------------------------------------------------------------------------------
12-27 10:51:35.305 [epoch 7], [val loss 0.12762], [acc 0.95689], [acc_cls 0.83889], [mean_iu 0.75906], [fwavacc 0.92052]
12-27 10:51:35.305 best record: [val loss 0.12656], [acc 0.95698], [acc_cls 0.84277], [mean_iu 0.76067], [fwavacc 0.92082], [epoch 6], 
12-27 10:51:35.305 -----------------------------------------------------------------------------------------------------------
12-27 10:51:35.329 Class Uniform Percentage: 0.7
12-27 10:51:35.329 Class Uniform items per Epoch:2975
12-27 10:51:35.330 cls 0 len 5866
12-27 10:51:35.330 cls 1 len 5184
12-27 10:51:35.330 cls 2 len 5678
12-27 10:51:35.331 cls 3 len 1312
12-27 10:51:35.331 cls 4 len 1723
12-27 10:51:35.331 cls 5 len 5656
12-27 10:51:35.331 cls 6 len 2769
12-27 10:51:35.331 cls 7 len 4860
12-27 10:51:35.331 cls 8 len 5388
12-27 10:51:35.331 cls 9 len 2440
12-27 10:51:35.331 cls 10 len 4722
12-27 10:51:35.331 cls 11 len 3719
12-27 10:51:35.331 cls 12 len 1239
12-27 10:51:35.331 cls 13 len 5075
12-27 10:51:35.332 cls 14 len 444
12-27 10:51:35.332 cls 15 len 348
12-27 10:51:35.332 cls 16 len 188
12-27 10:51:35.332 cls 17 len 575
12-27 10:51:35.332 cls 18 len 2238
12-27 10:52:06.902 [epoch 7], [iter 50 / 248 : 1786], [loss 0.209311], [lr 0.000013], [lr_at 0.000013], [time 0.0942]
12-27 10:52:36.035 [epoch 7], [iter 100 / 248 : 1836], [loss 0.213490], [lr 0.000011], [lr_at 0.000011], [time 0.0943]
12-27 10:53:05.132 [epoch 7], [iter 150 / 248 : 1886], [loss 0.208768], [lr 0.000008], [lr_at 0.000008], [time 0.0942]
12-27 10:53:34.240 [epoch 7], [iter 200 / 248 : 1936], [loss 0.214436], [lr 0.000005], [lr_at 0.000005], [time 0.0942]
12-27 10:54:02.854 validating: 1 / 250
12-27 10:54:06.413 validating: 21 / 250
12-27 10:54:09.651 validating: 41 / 250
12-27 10:54:12.920 validating: 61 / 250
12-27 10:54:16.194 validating: 81 / 250
12-27 10:54:19.425 validating: 101 / 250
12-27 10:54:22.664 validating: 121 / 250
12-27 10:54:25.918 validating: 141 / 250
12-27 10:54:29.130 validating: 161 / 250
12-27 10:54:32.373 validating: 181 / 250
12-27 10:54:35.601 validating: 201 / 250
12-27 10:54:38.834 validating: 221 / 250
12-27 10:54:42.061 validating: 241 / 250
12-27 10:54:43.553 IoU:
12-27 10:54:43.553 label_id      label    iU    Precision Recall TP     FP    FN
12-27 10:54:43.553  0                0    98.2    1.0       1.0   37.3     0.0     0.0
12-27 10:54:43.554  1                1    84.5    0.9       0.9    4.9     0.1     0.1
12-27 10:54:43.554  2                2    91.7    1.0       1.0   21.1     0.0     0.1
12-27 10:54:43.554  3                3    60.8    0.7       0.9    0.5     0.5     0.2
12-27 10:54:43.554  4                4    59.6    0.7       0.8    0.6     0.4     0.3
12-27 10:54:43.554  5                5    56.4    0.7       0.8    1.0     0.5     0.3
12-27 10:54:43.555  6                6    62.5    0.8       0.8    0.2     0.3     0.3
12-27 10:54:43.555  7                7    72.7    0.8       0.9    0.5     0.2     0.1
12-27 10:54:43.555  8                8    91.5    1.0       0.9   16.7     0.0     0.1
12-27 10:54:43.555  9                9    61.3    0.7       0.9    0.6     0.5     0.2
12-27 10:54:43.555 10               10    94.2    1.0       1.0    3.3     0.0     0.0
12-27 10:54:43.556 11               11    77.1    0.9       0.9    1.1     0.1     0.2
12-27 10:54:43.556 12               12    57.0    0.7       0.8    0.1     0.5     0.3
12-27 10:54:43.556 13               13    94.1    1.0       1.0    6.3     0.0     0.0
12-27 10:54:43.556 14               14    81.1    0.9       0.9    0.3     0.1     0.1
12-27 10:54:43.557 15               15    86.9    0.9       0.9    0.4     0.1     0.1
12-27 10:54:43.557 16               16    77.4    0.8       0.9    0.1     0.2     0.1
12-27 10:54:43.557 17               17    60.1    0.7       0.8    0.1     0.4     0.3
12-27 10:54:43.557 18               18    72.9    0.9       0.8    0.6     0.2     0.2
12-27 10:54:43.558 mean 0.7578811645507812
12-27 10:54:43.710 -----------------------------------------------------------------------------------------------------------
12-27 10:54:43.710 [epoch 8], [val loss 0.12789], [acc 0.95672], [acc_cls 0.83501], [mean_iu 0.75788], [fwavacc 0.92015]
12-27 10:54:43.711 best record: [val loss 0.12656], [acc 0.95698], [acc_cls 0.84277], [mean_iu 0.76067], [fwavacc 0.92082], [epoch 6], 
12-27 10:54:43.711 -----------------------------------------------------------------------------------------------------------
12-27 10:54:43.738 Class Uniform Percentage: 0.7
12-27 10:54:43.738 Class Uniform items per Epoch:2975
12-27 10:54:43.739 cls 0 len 5866
12-27 10:54:43.739 cls 1 len 5184
12-27 10:54:43.739 cls 2 len 5678
12-27 10:54:43.739 cls 3 len 1312
12-27 10:54:43.739 cls 4 len 1723
12-27 10:54:43.739 cls 5 len 5656
12-27 10:54:43.739 cls 6 len 2769
12-27 10:54:43.739 cls 7 len 4860
12-27 10:54:43.739 cls 8 len 5388
12-27 10:54:43.739 cls 9 len 2440
12-27 10:54:43.740 cls 10 len 4722
12-27 10:54:43.740 cls 11 len 3719
12-27 10:54:43.740 cls 12 len 1239
12-27 10:54:43.740 cls 13 len 5075
12-27 10:54:43.740 cls 14 len 444
12-27 10:54:43.740 cls 15 len 348
12-27 10:54:43.740 cls 16 len 188
12-27 10:54:43.740 cls 17 len 575
12-27 10:54:43.740 cls 18 len 2238
12-27 10:54:57.850 validating: 1 / 250
12-27 10:55:01.305 validating: 21 / 250
12-27 10:55:04.576 validating: 41 / 250
12-27 10:55:07.795 validating: 61 / 250
12-27 10:55:11.009 validating: 81 / 250
12-27 10:55:14.256 validating: 101 / 250
12-27 10:55:17.462 validating: 121 / 250
12-27 10:55:20.658 validating: 141 / 250
12-27 10:55:23.852 validating: 161 / 250
12-27 10:55:27.057 validating: 181 / 250
12-27 10:55:30.272 validating: 201 / 250
12-27 10:55:33.491 validating: 221 / 250
12-27 10:55:36.700 validating: 241 / 250
12-27 10:55:38.209 IoU:
12-27 10:55:38.210 label_id      label    iU    Precision Recall TP     FP    FN
12-27 10:55:38.210  0                0    98.2    1.0       1.0   37.3     0.0     0.0
12-27 10:55:38.210  1                1    84.5    0.9       0.9    5.0     0.1     0.1
12-27 10:55:38.210  2                2    91.6    1.0       1.0   21.1     0.0     0.1
12-27 10:55:38.211  3                3    61.3    0.7       0.9    0.5     0.5     0.2
12-27 10:55:38.211  4                4    59.4    0.7       0.8    0.6     0.4     0.3
12-27 10:55:38.211  5                5    56.6    0.7       0.8    1.0     0.5     0.3
12-27 10:55:38.211  6                6    62.6    0.8       0.8    0.2     0.3     0.3
12-27 10:55:38.211  7                7    72.8    0.8       0.9    0.5     0.2     0.1
12-27 10:55:38.211  8                8    91.6    1.0       0.9   16.7     0.0     0.1
12-27 10:55:38.212  9                9    62.3    0.7       0.9    0.6     0.4     0.2
12-27 10:55:38.212 10               10    94.2    1.0       1.0    3.3     0.0     0.0
12-27 10:55:38.212 11               11    77.3    0.9       0.9    1.1     0.1     0.2
12-27 10:55:38.212 12               12    57.3    0.7       0.8    0.2     0.4     0.3
12-27 10:55:38.212 13               13    94.1    1.0       1.0    6.3     0.0     0.0
12-27 10:55:38.212 14               14    80.6    0.9       0.9    0.3     0.2     0.1
12-27 10:55:38.212 15               15    86.8    0.9       0.9    0.4     0.1     0.1
12-27 10:55:38.213 16               16    78.0    0.9       0.9    0.1     0.2     0.1
12-27 10:55:38.213 17               17    60.2    0.7       0.8    0.1     0.4     0.3
12-27 10:55:38.213 18               18    72.9    0.9       0.8    0.6     0.2     0.2
12-27 10:55:38.213 mean 0.7592002749443054
12-27 10:55:38.363 -----------------------------------------------------------------------------------------------------------
12-27 10:55:38.363 [epoch 9], [val loss 0.12708], [acc 0.95681], [acc_cls 0.83896], [mean_iu 0.75920], [fwavacc 0.92036]
12-27 10:55:38.363 best record: [val loss 0.12656], [acc 0.95698], [acc_cls 0.84277], [mean_iu 0.76067], [fwavacc 0.92082], [epoch 6], 
12-27 10:55:38.363 -----------------------------------------------------------------------------------------------------------
12-27 10:55:38.388 Class Uniform Percentage: 0.7
12-27 10:55:38.388 Class Uniform items per Epoch:2975
12-27 10:55:38.389 cls 0 len 5866
12-27 10:55:38.389 cls 1 len 5184
12-27 10:55:38.389 cls 2 len 5678
12-27 10:55:38.389 cls 3 len 1312
12-27 10:55:38.389 cls 4 len 1723
12-27 10:55:38.389 cls 5 len 5656
12-27 10:55:38.389 cls 6 len 2769
12-27 10:55:38.389 cls 7 len 4860
12-27 10:55:38.389 cls 8 len 5388
12-27 10:55:38.389 cls 9 len 2440
12-27 10:55:38.390 cls 10 len 4722
12-27 10:55:38.390 cls 11 len 3719
12-27 10:55:38.390 cls 12 len 1239
12-27 10:55:38.390 cls 13 len 5075
12-27 10:55:38.390 cls 14 len 444
12-27 10:55:38.390 cls 15 len 348
12-27 10:55:38.390 cls 16 len 188
12-27 10:55:38.390 cls 17 len 575
12-27 10:55:38.390 cls 18 len 2238
