12-20 11:05:09.862 train fine cities: ['train/aachen', 'train/bochum', 'train/bremen', 'train/cologne', 'train/darmstadt', 'train/dusseldorf', 'train/erfurt', 'train/hamburg', 'train/hanover', 'train/jena', 'train/krefeld', 'train/monchengladbach', 'train/strasbourg', 'train/stuttgart', 'train/tubingen', 'train/ulm', 'train/weimar', 'train/zurich']
12-20 11:05:09.907 Cityscapes-train: 2975 images
12-20 11:05:10.751 Class Uniform Percentage: 0.5
12-20 11:05:10.751 Class Uniform items per Epoch:2975
12-20 11:05:10.752 cls 0 len 5866
12-20 11:05:10.752 cls 1 len 5184
12-20 11:05:10.753 cls 2 len 5678
12-20 11:05:10.753 cls 3 len 1312
12-20 11:05:10.753 cls 4 len 1723
12-20 11:05:10.753 cls 5 len 5656
12-20 11:05:10.753 cls 6 len 2769
12-20 11:05:10.753 cls 7 len 4860
12-20 11:05:10.753 cls 8 len 5388
12-20 11:05:10.753 cls 9 len 2440
12-20 11:05:10.753 cls 10 len 4722
12-20 11:05:10.753 cls 11 len 3719
12-20 11:05:10.753 cls 12 len 1239
12-20 11:05:10.753 cls 13 len 5075
12-20 11:05:10.753 cls 14 len 444
12-20 11:05:10.754 cls 15 len 348
12-20 11:05:10.754 cls 16 len 188
12-20 11:05:10.754 cls 17 len 575
12-20 11:05:10.754 cls 18 len 2238
12-20 11:05:10.756 val fine cities: ['val/munster', 'val/frankfurt', 'val/lindau']
12-20 11:05:10.760 Cityscapes-val: 500 images
12-20 11:05:11.148 Model params = 17.203M
12-20 11:05:50.054 [epoch 0], [iter 50 / 248 : 50], [loss 1.929862], [lr 0.009989], [lr_at 0.009989], [time 0.1096]
12-20 11:06:18.119 [epoch 0], [iter 100 / 248 : 100], [loss 1.242652], [lr 0.009977], [lr_at 0.009977], [time 0.0897]
12-20 11:06:46.174 [epoch 0], [iter 150 / 248 : 150], [loss 1.133301], [lr 0.009966], [lr_at 0.009966], [time 0.0895]
12-20 11:07:14.514 [epoch 0], [iter 200 / 248 : 200], [loss 0.999022], [lr 0.009955], [lr_at 0.009955], [time 0.0904]
12-20 11:07:45.445 validating: 1 / 250
12-20 11:07:48.855 validating: 21 / 250
12-20 11:07:52.208 validating: 41 / 250
12-20 11:07:55.579 validating: 61 / 250
12-20 11:07:58.927 validating: 81 / 250
12-20 11:08:02.191 validating: 101 / 250
12-20 11:08:05.537 validating: 121 / 250
12-20 11:08:08.831 validating: 141 / 250
12-20 11:08:12.122 validating: 161 / 250
12-20 11:08:15.459 validating: 181 / 250
12-20 11:08:18.749 validating: 201 / 250
12-20 11:08:22.023 validating: 221 / 250
12-20 11:08:25.211 validating: 241 / 250
12-20 11:08:26.730 IoU:
12-20 11:08:26.731 label_id      label    iU    Precision Recall TP     FP    FN
12-20 11:08:26.731  0                0    85.0    1.0       0.9   37.0     0.0     0.2
12-20 11:08:26.731  1                1    13.2    0.1       0.6    0.8     5.9     0.6
12-20 11:08:26.731  2                2    75.0    0.9       0.8   20.1     0.1     0.2
12-20 11:08:26.731  3                3     5.4    0.1       0.2    0.1    12.9     4.7
12-20 11:08:26.731  4                4     7.8    0.1       0.6    0.1    11.1     0.7
12-20 11:08:26.731  5                5     6.9    0.1       0.6    0.1    12.9     0.7
12-20 11:08:26.732  6                6     0.7    0.0       0.5    0.0   141.2     0.9
12-20 11:08:26.732  7                7     7.9    0.1       0.7    0.1    11.3     0.4
12-20 11:08:26.732  8                8    77.9    0.9       0.9   15.1     0.1     0.1
12-20 11:08:26.732  9                9     1.3    0.0       0.6    0.0    73.8     0.8
12-20 11:08:26.732 10               10    78.2    0.9       0.9    2.9     0.2     0.1
12-20 11:08:26.732 11               11    28.9    0.7       0.3    1.0     0.4     2.1
12-20 11:08:26.733 12               12     0.0    0.0       0.0    0.0     inf     inf
12-20 11:08:26.733 13               13    65.4    0.8       0.8    5.2     0.2     0.3
12-20 11:08:26.733 14               14     0.0    0.0       0.0    0.0     inf     inf
12-20 11:08:26.733 15               15     1.7    0.0       0.4    0.0    56.2     1.8
12-20 11:08:26.734 16               16     3.4    0.0       0.4    0.0    26.6     1.6
12-20 11:08:26.734 17               17     0.4    0.0       0.1    0.0   231.1     8.4
12-20 11:08:26.734 18               18    10.3    0.1       0.8    0.1     8.5     0.2
12-20 11:08:26.734 mean 0.24708156287670135
12-20 11:08:27.050 -----------------------------------------------------------------------------------------------------------
12-20 11:08:27.050 [epoch 1], [val loss 0.59238], [acc 0.82443], [acc_cls 0.30565], [mean_iu 0.24708], [fwavacc 0.70269]
12-20 11:08:27.050 best record: [val loss 0.59238], [acc 0.82443], [acc_cls 0.30565], [mean_iu 0.24708], [fwavacc 0.70269], [epoch 1], 
12-20 11:08:27.050 -----------------------------------------------------------------------------------------------------------
12-20 11:08:27.095 Class Uniform Percentage: 0.5
12-20 11:08:27.096 Class Uniform items per Epoch:2975
12-20 11:08:27.097 cls 0 len 5866
12-20 11:08:27.097 cls 1 len 5184
12-20 11:08:27.097 cls 2 len 5678
12-20 11:08:27.097 cls 3 len 1312
12-20 11:08:27.097 cls 4 len 1723
12-20 11:08:27.097 cls 5 len 5656
12-20 11:08:27.097 cls 6 len 2769
12-20 11:08:27.097 cls 7 len 4860
12-20 11:08:27.097 cls 8 len 5388
12-20 11:08:27.097 cls 9 len 2440
12-20 11:08:27.097 cls 10 len 4722
12-20 11:08:27.098 cls 11 len 3719
12-20 11:08:27.098 cls 12 len 1239
12-20 11:08:27.098 cls 13 len 5075
12-20 11:08:27.098 cls 14 len 444
12-20 11:08:27.098 cls 15 len 348
12-20 11:08:27.098 cls 16 len 188
12-20 11:08:27.098 cls 17 len 575
12-20 11:08:27.098 cls 18 len 2238
12-20 11:08:58.191 [epoch 1], [iter 50 / 248 : 298], [loss 0.919049], [lr 0.009933], [lr_at 0.009933], [time 0.0910]
12-20 11:09:26.669 [epoch 1], [iter 100 / 248 : 348], [loss 0.893035], [lr 0.009922], [lr_at 0.009922], [time 0.0911]
12-20 11:09:55.063 [epoch 1], [iter 150 / 248 : 398], [loss 0.811524], [lr 0.009910], [lr_at 0.009910], [time 0.0908]
12-20 11:10:23.485 [epoch 1], [iter 200 / 248 : 448], [loss 0.750326], [lr 0.009899], [lr_at 0.009899], [time 0.0909]
12-20 11:10:51.507 validating: 1 / 250
12-20 11:10:54.859 validating: 21 / 250
12-20 11:10:58.078 validating: 41 / 250
12-20 11:11:01.320 validating: 61 / 250
12-20 11:11:04.529 validating: 81 / 250
12-20 11:11:07.713 validating: 101 / 250
12-20 11:11:10.913 validating: 121 / 250
12-20 11:11:14.125 validating: 141 / 250
12-20 11:11:17.321 validating: 161 / 250
12-20 11:11:20.524 validating: 181 / 250
12-20 11:11:23.762 validating: 201 / 250
12-20 11:11:27.035 validating: 221 / 250
12-20 11:11:30.093 validating: 241 / 250
12-20 11:11:31.584 IoU:
12-20 11:11:31.585 label_id      label    iU    Precision Recall TP     FP    FN
12-20 11:11:31.585  0                0    90.0    1.0       0.9   36.6     0.0     0.1
12-20 11:11:31.585  1                1    36.5    0.4       0.8    2.2     1.5     0.3
12-20 11:11:31.585  2                2    76.7    0.9       0.8   20.2     0.1     0.2
12-20 11:11:31.585  3                3     3.6    0.0       0.3    0.0    24.1     2.8
12-20 11:11:31.586  4                4    21.7    0.5       0.3    0.4     1.1     2.5
12-20 11:11:31.586  5                5    15.0    0.2       0.7    0.2     5.2     0.4
12-20 11:11:31.586  6                6     2.1    0.0       0.7    0.0    47.1     0.4
12-20 11:11:31.586  7                7    17.2    0.2       0.8    0.1     4.5     0.3
12-20 11:11:31.586  8                8    81.2    0.9       0.9   15.4     0.1     0.1
12-20 11:11:31.586  9                9    11.6    0.1       0.6    0.1     7.1     0.6
12-20 11:11:31.587 10               10    81.4    0.9       0.9    2.9     0.2     0.1
12-20 11:11:31.587 11               11    43.2    0.7       0.6    0.8     0.5     0.8
12-20 11:11:31.587 12               12     0.4    0.0       0.4    0.0   271.7     1.4
12-20 11:11:31.587 13               13    72.1    0.9       0.8    6.1     0.1     0.3
12-20 11:11:31.587 14               14     0.0    0.0       0.5    0.0   2099.6     1.2
12-20 11:11:31.588 15               15     7.2    0.1       0.6    0.0    12.3     0.7
12-20 11:11:31.588 16               16     6.3    0.2       0.1    0.0     3.2    11.5
12-20 11:11:31.588 17               17     1.4    0.0       0.5    0.0    67.5     1.0
12-20 11:11:31.588 18               18    47.3    0.6       0.7    0.4     0.6     0.5
12-20 11:11:31.588 mean 0.32357656955718994
12-20 11:11:31.936 -----------------------------------------------------------------------------------------------------------
12-20 11:11:31.936 [epoch 2], [val loss 0.47806], [acc 0.85651], [acc_cls 0.40015], [mean_iu 0.32358], [fwavacc 0.75749]
12-20 11:11:31.936 best record: [val loss 0.47806], [acc 0.85651], [acc_cls 0.40015], [mean_iu 0.32358], [fwavacc 0.75749], [epoch 2], 
12-20 11:11:31.936 -----------------------------------------------------------------------------------------------------------
12-20 11:11:31.975 Class Uniform Percentage: 0.5
12-20 11:11:31.975 Class Uniform items per Epoch:2975
12-20 11:11:31.977 cls 0 len 5866
12-20 11:11:31.977 cls 1 len 5184
12-20 11:11:31.977 cls 2 len 5678
12-20 11:11:31.977 cls 3 len 1312
12-20 11:11:31.977 cls 4 len 1723
12-20 11:11:31.977 cls 5 len 5656
12-20 11:11:31.978 cls 6 len 2769
12-20 11:11:31.978 cls 7 len 4860
12-20 11:11:31.978 cls 8 len 5388
12-20 11:11:31.978 cls 9 len 2440
12-20 11:11:31.978 cls 10 len 4722
12-20 11:11:31.978 cls 11 len 3719
12-20 11:11:31.978 cls 12 len 1239
12-20 11:11:31.978 cls 13 len 5075
12-20 11:11:31.979 cls 14 len 444
12-20 11:11:31.979 cls 15 len 348
12-20 11:11:31.979 cls 16 len 188
12-20 11:11:31.979 cls 17 len 575
12-20 11:11:31.979 cls 18 len 2238
12-20 11:12:02.761 [epoch 2], [iter 50 / 248 : 546], [loss 0.781304], [lr 0.009877], [lr_at 0.009877], [time 0.0907]
12-20 11:12:31.017 [epoch 2], [iter 100 / 248 : 596], [loss 0.716623], [lr 0.009866], [lr_at 0.009866], [time 0.0908]
12-20 11:12:59.407 [epoch 2], [iter 150 / 248 : 646], [loss 0.721455], [lr 0.009855], [lr_at 0.009855], [time 0.0912]
12-20 11:13:27.692 [epoch 2], [iter 200 / 248 : 696], [loss 0.725678], [lr 0.009843], [lr_at 0.009843], [time 0.0908]
12-20 11:13:55.637 validating: 1 / 250
12-20 11:13:58.709 validating: 21 / 250
12-20 11:14:01.685 validating: 41 / 250
12-20 11:14:04.610 validating: 61 / 250
12-20 11:14:07.542 validating: 81 / 250
12-20 11:14:10.481 validating: 101 / 250
12-20 11:14:13.397 validating: 121 / 250
12-20 11:14:16.314 validating: 141 / 250
12-20 11:14:19.236 validating: 161 / 250
12-20 11:14:22.161 validating: 181 / 250
12-20 11:14:25.098 validating: 201 / 250
12-20 11:14:27.991 validating: 221 / 250
12-20 11:14:30.838 validating: 241 / 250
12-20 11:14:32.212 IoU:
12-20 11:14:32.212 label_id      label    iU    Precision Recall TP     FP    FN
12-20 11:14:32.212  0                0    92.3    1.0       1.0   36.3     0.0     0.0
12-20 11:14:32.212  1                1    53.2    0.7       0.7    3.7     0.5     0.4
12-20 11:14:32.213  2                2    74.3    0.9       0.8   20.7     0.1     0.3
12-20 11:14:32.213  3                3    14.8    0.2       0.4    0.1     4.5     1.3
12-20 11:14:32.213  4                4    26.4    0.5       0.4    0.4     1.2     1.6
12-20 11:14:32.213  5                5    18.6    0.2       0.7    0.3     4.0     0.4
12-20 11:14:32.213  6                6    11.1    0.1       0.6    0.0     7.3     0.7
12-20 11:14:32.213  7                7    20.3    0.2       0.8    0.1     3.7     0.2
12-20 11:14:32.214  8                8    82.3    0.9       0.9   15.6     0.1     0.1
12-20 11:14:32.214  9                9    25.0    0.4       0.5    0.3     1.9     1.1
12-20 11:14:32.214 10               10    30.9    0.3       1.0    1.0     2.2     0.0
12-20 11:14:32.214 11               11    46.7    0.7       0.6    0.9     0.4     0.7
12-20 11:14:32.214 12               12     3.8    0.0       0.5    0.0    24.4     1.1
12-20 11:14:32.214 13               13    72.9    0.8       0.9    5.1     0.3     0.1
12-20 11:14:32.215 14               14     4.9    0.1       0.1    0.0    11.1     8.3
12-20 11:14:32.215 15               15    21.0    0.8       0.2    0.3     0.3     3.4
12-20 11:14:32.215 16               16     0.0    0.0       0.1    0.0   4731.3     7.1
12-20 11:14:32.215 17               17     2.2    0.0       0.6    0.0    44.2     0.6
12-20 11:14:32.215 18               18    43.9    0.5       0.8    0.3     1.1     0.2
12-20 11:14:32.216 mean 0.3392632305622101
12-20 11:14:32.594 -----------------------------------------------------------------------------------------------------------
12-20 11:14:32.594 [epoch 3], [val loss 0.45267], [acc 0.85377], [acc_cls 0.43128], [mean_iu 0.33926], [fwavacc 0.75956]
12-20 11:14:32.594 best record: [val loss 0.45267], [acc 0.85377], [acc_cls 0.43128], [mean_iu 0.33926], [fwavacc 0.75956], [epoch 3], 
12-20 11:14:32.595 -----------------------------------------------------------------------------------------------------------
12-20 11:14:32.626 Class Uniform Percentage: 0.5
12-20 11:14:32.626 Class Uniform items per Epoch:2975
12-20 11:14:32.627 cls 0 len 5866
12-20 11:14:32.627 cls 1 len 5184
12-20 11:14:32.627 cls 2 len 5678
12-20 11:14:32.627 cls 3 len 1312
12-20 11:14:32.627 cls 4 len 1723
12-20 11:14:32.628 cls 5 len 5656
12-20 11:14:32.628 cls 6 len 2769
12-20 11:14:32.628 cls 7 len 4860
12-20 11:14:32.628 cls 8 len 5388
12-20 11:14:32.628 cls 9 len 2440
12-20 11:14:32.628 cls 10 len 4722
12-20 11:14:32.628 cls 11 len 3719
12-20 11:14:32.628 cls 12 len 1239
12-20 11:14:32.628 cls 13 len 5075
12-20 11:14:32.628 cls 14 len 444
12-20 11:14:32.628 cls 15 len 348
12-20 11:14:32.629 cls 16 len 188
12-20 11:14:32.629 cls 17 len 575
12-20 11:14:32.629 cls 18 len 2238
12-20 11:15:03.858 [epoch 3], [iter 50 / 248 : 794], [loss 0.668639], [lr 0.009821], [lr_at 0.009821], [time 0.0903]
12-20 11:15:32.235 [epoch 3], [iter 100 / 248 : 844], [loss 0.701172], [lr 0.009810], [lr_at 0.009810], [time 0.0911]
12-20 11:16:00.568 [epoch 3], [iter 150 / 248 : 894], [loss 0.686444], [lr 0.009799], [lr_at 0.009799], [time 0.0909]
12-20 11:16:28.947 [epoch 3], [iter 200 / 248 : 944], [loss 0.688490], [lr 0.009787], [lr_at 0.009787], [time 0.0911]
