12-20 11:01:49.868 train fine cities: ['train/aachen', 'train/bochum', 'train/bremen', 'train/cologne', 'train/darmstadt', 'train/dusseldorf', 'train/erfurt', 'train/hamburg', 'train/hanover', 'train/jena', 'train/krefeld', 'train/monchengladbach', 'train/strasbourg', 'train/stuttgart', 'train/tubingen', 'train/ulm', 'train/weimar', 'train/zurich']
12-20 11:01:49.914 Cityscapes-train: 2975 images
12-20 11:01:50.876 Class Uniform Percentage: 0.5
12-20 11:01:50.879 Class Uniform items per Epoch:2975
12-20 11:01:50.880 cls 0 len 5866
12-20 11:01:50.881 cls 1 len 5184
12-20 11:01:50.881 cls 2 len 5678
12-20 11:01:50.881 cls 3 len 1312
12-20 11:01:50.881 cls 4 len 1723
12-20 11:01:50.881 cls 5 len 5656
12-20 11:01:50.881 cls 6 len 2769
12-20 11:01:50.881 cls 7 len 4860
12-20 11:01:50.881 cls 8 len 5388
12-20 11:01:50.881 cls 9 len 2440
12-20 11:01:50.881 cls 10 len 4722
12-20 11:01:50.881 cls 11 len 3719
12-20 11:01:50.882 cls 12 len 1239
12-20 11:01:50.882 cls 13 len 5075
12-20 11:01:50.882 cls 14 len 444
12-20 11:01:50.882 cls 15 len 348
12-20 11:01:50.882 cls 16 len 188
12-20 11:01:50.882 cls 17 len 575
12-20 11:01:50.882 cls 18 len 2238
12-20 11:01:50.885 val fine cities: ['val/munster', 'val/frankfurt', 'val/lindau']
12-20 11:01:50.889 Cityscapes-val: 500 images
12-20 11:01:51.322 Model params = 17.203M
