12-24 23:21:44.982 train fine cities: ['train/aachen', 'train/bochum', 'train/bremen', 'train/cologne', 'train/darmstadt', 'train/dusseldorf', 'train/erfurt', 'train/hamburg', 'train/hanover', 'train/jena', 'train/krefeld', 'train/monchengladbach', 'train/strasbourg', 'train/stuttgart', 'train/tubingen', 'train/ulm', 'train/weimar', 'train/zurich']
12-24 23:21:45.031 Cityscapes-train: 2975 images
12-24 23:21:45.895 Class Uniform Percentage: 0.5
12-24 23:21:45.897 Class Uniform items per Epoch:2975
12-24 23:21:45.898 cls 0 len 5866
12-24 23:21:45.898 cls 1 len 5184
12-24 23:21:45.898 cls 2 len 5678
12-24 23:21:45.898 cls 3 len 1312
12-24 23:21:45.898 cls 4 len 1723
12-24 23:21:45.898 cls 5 len 5656
12-24 23:21:45.898 cls 6 len 2769
12-24 23:21:45.898 cls 7 len 4860
12-24 23:21:45.899 cls 8 len 5388
12-24 23:21:45.899 cls 9 len 2440
12-24 23:21:45.899 cls 10 len 4722
12-24 23:21:45.899 cls 11 len 3719
12-24 23:21:45.899 cls 12 len 1239
12-24 23:21:45.899 cls 13 len 5075
12-24 23:21:45.899 cls 14 len 444
12-24 23:21:45.899 cls 15 len 348
12-24 23:21:45.899 cls 16 len 188
12-24 23:21:45.899 cls 17 len 575
12-24 23:21:45.899 cls 18 len 2238
12-24 23:21:45.902 val fine cities: ['val/munster', 'val/frankfurt', 'val/lindau']
12-24 23:21:45.906 Cityscapes-val: 500 images
