12-27 12:12:31.882 train fine cities: ['train/aachen', 'train/bochum', 'train/bremen', 'train/cologne', 'train/darmstadt', 'train/dusseldorf', 'train/erfurt', 'train/hamburg', 'train/hanover', 'train/jena', 'train/krefeld', 'train/monchengladbach', 'train/strasbourg', 'train/stuttgart', 'train/tubingen', 'train/ulm', 'train/weimar', 'train/zurich']
12-27 12:12:31.936 Cityscapes-train: 2975 images
12-27 12:12:32.816 Class Uniform Percentage: 0.7
12-27 12:12:32.819 Class Uniform items per Epoch:2975
12-27 12:12:32.820 cls 0 len 5866
12-27 12:12:32.820 cls 1 len 5184
12-27 12:12:32.820 cls 2 len 5678
12-27 12:12:32.820 cls 3 len 1312
12-27 12:12:32.820 cls 4 len 1723
12-27 12:12:32.820 cls 5 len 5656
12-27 12:12:32.820 cls 6 len 2769
12-27 12:12:32.820 cls 7 len 4860
12-27 12:12:32.820 cls 8 len 5388
12-27 12:12:32.820 cls 9 len 2440
12-27 12:12:32.820 cls 10 len 4722
12-27 12:12:32.820 cls 11 len 3719
12-27 12:12:32.820 cls 12 len 1239
12-27 12:12:32.821 cls 13 len 5075
12-27 12:12:32.821 cls 14 len 444
12-27 12:12:32.821 cls 15 len 348
12-27 12:12:32.821 cls 16 len 188
12-27 12:12:32.821 cls 17 len 575
12-27 12:12:32.821 cls 18 len 2238
12-27 12:12:32.824 val fine cities: ['val/munster', 'val/frankfurt', 'val/lindau']
12-27 12:12:32.827 Cityscapes-val: 500 images
12-27 12:12:33.199 Model params = 16.612M
12-27 12:12:34.965 Loading weights from model /home/mist/HANet/logs/0101/m_os16_hanet/12_27_10_SAWithAtt_76067/best_epoch_6_mean-iu_0.76067.pth
12-27 12:12:35.030 Checkpoint Load Compelete
12-27 12:13:13.610 [epoch 0], [iter 50 / 248 : 50], [loss 0.218701], [lr 0.000001], [lr_at 0.000001], [time 0.1172]
12-27 12:13:42.513 [epoch 0], [iter 100 / 248 : 100], [loss 0.208027], [lr 0.000001], [lr_at 0.000001], [time 0.0935]
12-27 12:14:11.476 [epoch 0], [iter 150 / 248 : 150], [loss 0.206997], [lr 0.000001], [lr_at 0.000001], [time 0.0938]
12-27 12:14:40.447 [epoch 0], [iter 200 / 248 : 200], [loss 0.217998], [lr 0.000001], [lr_at 0.000001], [time 0.0938]
12-27 12:15:12.323 validating: 1 / 250
12-27 12:15:15.810 validating: 21 / 250
12-27 12:15:19.092 validating: 41 / 250
12-27 12:15:22.411 validating: 61 / 250
12-27 12:15:25.689 validating: 81 / 250
12-27 12:15:28.960 validating: 101 / 250
12-27 12:15:32.198 validating: 121 / 250
12-27 12:15:35.453 validating: 141 / 250
12-27 12:15:38.670 validating: 161 / 250
12-27 12:15:41.873 validating: 181 / 250
12-27 12:15:45.152 validating: 201 / 250
12-27 12:15:48.376 validating: 221 / 250
12-27 12:15:51.581 validating: 241 / 250
12-27 12:15:53.082 IoU:
12-27 12:15:53.082 label_id      label    iU    Precision Recall TP     FP    FN
12-27 12:15:53.083  0                0    98.2    1.0       1.0   37.3     0.0     0.0
12-27 12:15:53.083  1                1    84.5    0.9       0.9    5.0     0.1     0.1
12-27 12:15:53.083  2                2    91.7    1.0       1.0   21.0     0.0     0.0
12-27 12:15:53.083  3                3    61.4    0.7       0.9    0.5     0.5     0.2
12-27 12:15:53.083  4                4    59.6    0.7       0.8    0.6     0.4     0.3
12-27 12:15:53.084  5                5    56.7    0.7       0.8    1.0     0.5     0.3
12-27 12:15:53.084  6                6    62.7    0.8       0.8    0.2     0.3     0.3
12-27 12:15:53.084  7                7    72.8    0.8       0.9    0.5     0.2     0.1
12-27 12:15:53.084  8                8    91.6    1.0       0.9   16.7     0.0     0.1
12-27 12:15:53.084  9                9    61.9    0.7       0.9    0.6     0.5     0.2
12-27 12:15:53.084 10               10    94.2    1.0       1.0    3.3     0.0     0.0
12-27 12:15:53.084 11               11    77.1    0.9       0.9    1.1     0.1     0.2
12-27 12:15:53.084 12               12    57.1    0.7       0.8    0.1     0.4     0.3
12-27 12:15:53.085 13               13    94.1    1.0       1.0    6.3     0.0     0.0
12-27 12:15:53.085 14               14    81.2    0.9       0.9    0.3     0.1     0.1
12-27 12:15:53.085 15               15    86.5    0.9       0.9    0.4     0.1     0.1
12-27 12:15:53.085 16               16    77.3    0.8       0.9    0.1     0.2     0.1
12-27 12:15:53.085 17               17    60.0    0.7       0.8    0.1     0.3     0.3
12-27 12:15:53.085 18               18    72.9    0.9       0.8    0.6     0.2     0.2
12-27 12:15:53.085 mean 0.7586719393730164
12-27 12:15:53.360 -----------------------------------------------------------------------------------------------------------
12-27 12:15:53.360 [epoch 1], [val loss 0.12736], [acc 0.95671], [acc_cls 0.83906], [mean_iu 0.75867], [fwavacc 0.92024]
12-27 12:15:53.360 best record: [val loss 0.12736], [acc 0.95671], [acc_cls 0.83906], [mean_iu 0.75867], [fwavacc 0.92024], [epoch 1], 
12-27 12:15:53.360 -----------------------------------------------------------------------------------------------------------
12-27 12:15:53.385 Class Uniform Percentage: 0.7
12-27 12:15:53.385 Class Uniform items per Epoch:2975
12-27 12:15:53.387 cls 0 len 5866
12-27 12:15:53.387 cls 1 len 5184
12-27 12:15:53.387 cls 2 len 5678
12-27 12:15:53.387 cls 3 len 1312
12-27 12:15:53.387 cls 4 len 1723
12-27 12:15:53.387 cls 5 len 5656
12-27 12:15:53.387 cls 6 len 2769
12-27 12:15:53.388 cls 7 len 4860
12-27 12:15:53.388 cls 8 len 5388
12-27 12:15:53.388 cls 9 len 2440
12-27 12:15:53.388 cls 10 len 4722
12-27 12:15:53.388 cls 11 len 3719
12-27 12:15:53.388 cls 12 len 1239
12-27 12:15:53.388 cls 13 len 5075
12-27 12:15:53.388 cls 14 len 444
12-27 12:15:53.388 cls 15 len 348
12-27 12:15:53.388 cls 16 len 188
12-27 12:15:53.388 cls 17 len 575
12-27 12:15:53.388 cls 18 len 2238
12-27 12:16:25.688 [epoch 1], [iter 50 / 248 : 298], [loss 0.217323], [lr 0.000001], [lr_at 0.000001], [time 0.0939]
12-27 12:16:54.877 [epoch 1], [iter 100 / 248 : 348], [loss 0.215323], [lr 0.000001], [lr_at 0.000001], [time 0.0942]
12-27 12:17:24.274 [epoch 1], [iter 150 / 248 : 398], [loss 0.216825], [lr 0.000001], [lr_at 0.000001], [time 0.0949]
12-27 12:17:53.522 [epoch 1], [iter 200 / 248 : 448], [loss 0.208697], [lr 0.000001], [lr_at 0.000001], [time 0.0943]
12-27 12:18:22.290 validating: 1 / 250
12-27 12:18:25.817 validating: 21 / 250
12-27 12:18:29.052 validating: 41 / 250
12-27 12:18:32.332 validating: 61 / 250
12-27 12:18:35.543 validating: 81 / 250
12-27 12:18:38.758 validating: 101 / 250
12-27 12:18:41.964 validating: 121 / 250
12-27 12:18:45.168 validating: 141 / 250
12-27 12:18:48.364 validating: 161 / 250
12-27 12:18:51.569 validating: 181 / 250
12-27 12:18:54.778 validating: 201 / 250
12-27 12:18:57.978 validating: 221 / 250
12-27 12:19:01.172 validating: 241 / 250
12-27 12:19:02.788 IoU:
12-27 12:19:02.788 label_id      label    iU    Precision Recall TP     FP    FN
12-27 12:19:02.789  0                0    98.2    1.0       1.0   37.3     0.0     0.0
12-27 12:19:02.789  1                1    84.6    0.9       0.9    5.0     0.1     0.1
12-27 12:19:02.789  2                2    91.7    1.0       1.0   21.0     0.0     0.0
12-27 12:19:02.789  3                3    61.8    0.7       0.9    0.5     0.5     0.2
12-27 12:19:02.789  4                4    59.9    0.7       0.8    0.6     0.4     0.3
12-27 12:19:02.789  5                5    57.0    0.7       0.8    1.0     0.4     0.3
12-27 12:19:02.789  6                6    62.8    0.8       0.8    0.2     0.3     0.3
12-27 12:19:02.790  7                7    72.7    0.8       0.9    0.5     0.2     0.1
12-27 12:19:02.790  8                8    91.6    1.0       0.9   16.7     0.0     0.1
12-27 12:19:02.790  9                9    62.2    0.7       0.9    0.6     0.4     0.2
12-27 12:19:02.790 10               10    94.2    1.0       1.0    3.3     0.0     0.0
12-27 12:19:02.790 11               11    77.3    0.9       0.9    1.1     0.1     0.2
12-27 12:19:02.790 12               12    57.3    0.7       0.8    0.2     0.4     0.3
12-27 12:19:02.790 13               13    94.1    1.0       1.0    6.3     0.0     0.0
12-27 12:19:02.790 14               14    81.6    0.9       0.9    0.3     0.1     0.1
12-27 12:19:02.791 15               15    87.3    0.9       0.9    0.4     0.1     0.1
12-27 12:19:02.791 16               16    78.2    0.8       0.9    0.1     0.2     0.1
12-27 12:19:02.791 17               17    60.5    0.7       0.8    0.1     0.3     0.3
12-27 12:19:02.791 18               18    73.0    0.9       0.8    0.6     0.2     0.2
12-27 12:19:02.791 mean 0.7610163688659668
12-27 12:19:03.091 -----------------------------------------------------------------------------------------------------------
12-27 12:19:03.091 [epoch 2], [val loss 0.12645], [acc 0.95697], [acc_cls 0.84178], [mean_iu 0.76102], [fwavacc 0.92073]
12-27 12:19:03.092 best record: [val loss 0.12645], [acc 0.95697], [acc_cls 0.84178], [mean_iu 0.76102], [fwavacc 0.92073], [epoch 2], 
12-27 12:19:03.092 -----------------------------------------------------------------------------------------------------------
12-27 12:19:03.116 Class Uniform Percentage: 0.7
12-27 12:19:03.116 Class Uniform items per Epoch:2975
12-27 12:19:03.117 cls 0 len 5866
12-27 12:19:03.117 cls 1 len 5184
12-27 12:19:03.117 cls 2 len 5678
12-27 12:19:03.117 cls 3 len 1312
12-27 12:19:03.117 cls 4 len 1723
12-27 12:19:03.117 cls 5 len 5656
12-27 12:19:03.118 cls 6 len 2769
12-27 12:19:03.118 cls 7 len 4860
12-27 12:19:03.118 cls 8 len 5388
12-27 12:19:03.118 cls 9 len 2440
12-27 12:19:03.118 cls 10 len 4722
12-27 12:19:03.118 cls 11 len 3719
12-27 12:19:03.118 cls 12 len 1239
12-27 12:19:03.118 cls 13 len 5075
12-27 12:19:03.118 cls 14 len 444
12-27 12:19:03.118 cls 15 len 348
12-27 12:19:03.118 cls 16 len 188
12-27 12:19:03.118 cls 17 len 575
12-27 12:19:03.118 cls 18 len 2238
12-27 12:19:35.203 [epoch 2], [iter 50 / 248 : 546], [loss 0.216264], [lr 0.000001], [lr_at 0.000001], [time 0.0951]
12-27 12:20:04.924 [epoch 2], [iter 100 / 248 : 596], [loss 0.197079], [lr 0.000001], [lr_at 0.000001], [time 0.0960]
12-27 12:20:34.662 [epoch 2], [iter 150 / 248 : 646], [loss 0.209633], [lr 0.000001], [lr_at 0.000001], [time 0.0954]
12-27 12:21:04.494 [epoch 2], [iter 200 / 248 : 696], [loss 0.225653], [lr 0.000001], [lr_at 0.000001], [time 0.0956]
12-27 12:21:33.626 validating: 1 / 250
12-27 12:21:37.203 validating: 21 / 250
12-27 12:21:40.612 validating: 41 / 250
12-27 12:21:44.016 validating: 61 / 250
12-27 12:21:47.411 validating: 81 / 250
12-27 12:21:50.768 validating: 101 / 250
12-27 12:21:54.112 validating: 121 / 250
12-27 12:21:57.477 validating: 141 / 250
12-27 12:22:00.869 validating: 161 / 250
12-27 12:22:04.223 validating: 181 / 250
12-27 12:22:07.611 validating: 201 / 250
12-27 12:22:10.993 validating: 221 / 250
12-27 12:22:14.243 validating: 241 / 250
12-27 12:22:15.802 IoU:
12-27 12:22:15.802 label_id      label    iU    Precision Recall TP     FP    FN
12-27 12:22:15.802  0                0    98.2    1.0       1.0   37.4     0.0     0.0
12-27 12:22:15.802  1                1    84.6    0.9       0.9    4.9     0.1     0.1
12-27 12:22:15.803  2                2    91.6    1.0       1.0   21.1     0.0     0.1
12-27 12:22:15.803  3                3    61.7    0.7       0.9    0.5     0.5     0.2
12-27 12:22:15.803  4                4    59.6    0.7       0.8    0.6     0.4     0.3
12-27 12:22:15.803  5                5    56.8    0.7       0.8    1.0     0.5     0.3
12-27 12:22:15.803  6                6    62.6    0.8       0.8    0.2     0.3     0.3
12-27 12:22:15.803  7                7    73.0    0.8       0.9    0.5     0.2     0.1
12-27 12:22:15.804  8                8    91.6    1.0       0.9   16.7     0.0     0.1
12-27 12:22:15.804  9                9    61.7    0.7       0.9    0.6     0.5     0.2
12-27 12:22:15.804 10               10    94.1    1.0       1.0    3.3     0.0     0.0
12-27 12:22:15.804 11               11    77.1    0.9       0.9    1.1     0.1     0.2
12-27 12:22:15.804 12               12    57.2    0.7       0.8    0.1     0.4     0.3
12-27 12:22:15.804 13               13    94.1    1.0       1.0    6.3     0.0     0.0
12-27 12:22:15.804 14               14    81.2    0.9       0.9    0.3     0.1     0.1
12-27 12:22:15.804 15               15    86.6    0.9       0.9    0.4     0.1     0.1
12-27 12:22:15.805 16               16    76.6    0.8       0.9    0.1     0.2     0.1
12-27 12:22:15.805 17               17    59.8    0.7       0.8    0.1     0.4     0.3
12-27 12:22:15.805 18               18    72.9    0.9       0.8    0.6     0.2     0.2
12-27 12:22:15.805 mean 0.7584037780761719
12-27 12:22:15.958 -----------------------------------------------------------------------------------------------------------
12-27 12:22:15.958 [epoch 3], [val loss 0.12781], [acc 0.95677], [acc_cls 0.83816], [mean_iu 0.75840], [fwavacc 0.92026]
12-27 12:22:15.959 best record: [val loss 0.12645], [acc 0.95697], [acc_cls 0.84178], [mean_iu 0.76102], [fwavacc 0.92073], [epoch 2], 
12-27 12:22:15.959 -----------------------------------------------------------------------------------------------------------
12-27 12:22:15.989 Class Uniform Percentage: 0.7
12-27 12:22:15.989 Class Uniform items per Epoch:2975
12-27 12:22:15.990 cls 0 len 5866
12-27 12:22:15.990 cls 1 len 5184
12-27 12:22:15.990 cls 2 len 5678
12-27 12:22:15.990 cls 3 len 1312
12-27 12:22:15.990 cls 4 len 1723
12-27 12:22:15.990 cls 5 len 5656
12-27 12:22:15.990 cls 6 len 2769
12-27 12:22:15.990 cls 7 len 4860
12-27 12:22:15.990 cls 8 len 5388
12-27 12:22:15.990 cls 9 len 2440
12-27 12:22:15.990 cls 10 len 4722
12-27 12:22:15.991 cls 11 len 3719
12-27 12:22:15.991 cls 12 len 1239
12-27 12:22:15.991 cls 13 len 5075
12-27 12:22:15.991 cls 14 len 444
12-27 12:22:15.991 cls 15 len 348
12-27 12:22:15.991 cls 16 len 188
12-27 12:22:15.991 cls 17 len 575
12-27 12:22:15.991 cls 18 len 2238
12-27 12:22:47.765 [epoch 3], [iter 50 / 248 : 794], [loss 0.210872], [lr 0.000001], [lr_at 0.000001], [time 0.0940]
12-27 12:23:16.945 [epoch 3], [iter 100 / 248 : 844], [loss 0.215914], [lr 0.000001], [lr_at 0.000001], [time 0.0939]
12-27 12:23:46.123 [epoch 3], [iter 150 / 248 : 894], [loss 0.204688], [lr 0.000001], [lr_at 0.000001], [time 0.0942]
12-27 12:24:15.503 [epoch 3], [iter 200 / 248 : 944], [loss 0.215987], [lr 0.000001], [lr_at 0.000001], [time 0.0949]
12-27 12:24:44.333 validating: 1 / 250
12-27 12:24:47.820 validating: 21 / 250
12-27 12:24:51.090 validating: 41 / 250
12-27 12:24:54.346 validating: 61 / 250
12-27 12:24:57.588 validating: 81 / 250
12-27 12:25:00.812 validating: 101 / 250
12-27 12:25:04.032 validating: 121 / 250
12-27 12:25:07.246 validating: 141 / 250
12-27 12:25:10.502 validating: 161 / 250
12-27 12:25:13.731 validating: 181 / 250
12-27 12:25:16.960 validating: 201 / 250
12-27 12:25:20.183 validating: 221 / 250
12-27 12:25:23.394 validating: 241 / 250
12-27 12:25:24.871 IoU:
12-27 12:25:24.872 label_id      label    iU    Precision Recall TP     FP    FN
12-27 12:25:24.872  0                0    98.2    1.0       1.0   37.3     0.0     0.0
12-27 12:25:24.872  1                1    84.6    0.9       0.9    4.9     0.1     0.1
12-27 12:25:24.872  2                2    91.6    1.0       1.0   21.1     0.0     0.1
12-27 12:25:24.873  3                3    60.9    0.7       0.9    0.5     0.5     0.2
12-27 12:25:24.873  4                4    59.4    0.7       0.8    0.6     0.4     0.3
12-27 12:25:24.873  5                5    56.6    0.7       0.8    1.0     0.5     0.3
12-27 12:25:24.873  6                6    62.5    0.7       0.8    0.1     0.3     0.3
12-27 12:25:24.874  7                7    72.7    0.8       0.9    0.5     0.2     0.1
12-27 12:25:24.874  8                8    91.5    1.0       0.9   16.7     0.0     0.1
12-27 12:25:24.874  9                9    61.9    0.7       0.9    0.6     0.4     0.2
12-27 12:25:24.874 10               10    94.2    1.0       1.0    3.3     0.0     0.0
12-27 12:25:24.874 11               11    77.3    0.9       0.9    1.1     0.1     0.2
12-27 12:25:24.875 12               12    57.4    0.7       0.8    0.2     0.4     0.3
12-27 12:25:24.875 13               13    94.1    1.0       1.0    6.3     0.0     0.0
12-27 12:25:24.875 14               14    81.1    0.9       0.9    0.3     0.1     0.1
12-27 12:25:24.875 15               15    87.1    0.9       0.9    0.4     0.1     0.1
12-27 12:25:24.875 16               16    78.0    0.8       0.9    0.1     0.2     0.1
12-27 12:25:24.875 17               17    60.1    0.7       0.8    0.1     0.3     0.3
12-27 12:25:24.876 18               18    72.9    0.9       0.8    0.6     0.2     0.2
12-27 12:25:24.876 mean 0.7589698433876038
12-27 12:25:25.041 -----------------------------------------------------------------------------------------------------------
12-27 12:25:25.042 [epoch 4], [val loss 0.12722], [acc 0.95669], [acc_cls 0.83872], [mean_iu 0.75897], [fwavacc 0.92012]
12-27 12:25:25.042 best record: [val loss 0.12645], [acc 0.95697], [acc_cls 0.84178], [mean_iu 0.76102], [fwavacc 0.92073], [epoch 2], 
12-27 12:25:25.042 -----------------------------------------------------------------------------------------------------------
12-27 12:25:25.066 Class Uniform Percentage: 0.7
12-27 12:25:25.066 Class Uniform items per Epoch:2975
12-27 12:25:25.067 cls 0 len 5866
12-27 12:25:25.067 cls 1 len 5184
12-27 12:25:25.067 cls 2 len 5678
12-27 12:25:25.067 cls 3 len 1312
12-27 12:25:25.067 cls 4 len 1723
12-27 12:25:25.067 cls 5 len 5656
12-27 12:25:25.067 cls 6 len 2769
12-27 12:25:25.067 cls 7 len 4860
12-27 12:25:25.068 cls 8 len 5388
12-27 12:25:25.068 cls 9 len 2440
12-27 12:25:25.068 cls 10 len 4722
12-27 12:25:25.068 cls 11 len 3719
12-27 12:25:25.068 cls 12 len 1239
12-27 12:25:25.068 cls 13 len 5075
12-27 12:25:25.068 cls 14 len 444
12-27 12:25:25.068 cls 15 len 348
12-27 12:25:25.068 cls 16 len 188
12-27 12:25:25.068 cls 17 len 575
12-27 12:25:25.068 cls 18 len 2238
12-27 12:25:56.768 [epoch 4], [iter 50 / 248 : 1042], [loss 0.210438], [lr 0.000001], [lr_at 0.000001], [time 0.0935]
12-27 12:26:26.154 [epoch 4], [iter 100 / 248 : 1092], [loss 0.225425], [lr 0.000000], [lr_at 0.000000], [time 0.0949]
12-27 12:26:55.406 [epoch 4], [iter 150 / 248 : 1142], [loss 0.209575], [lr 0.000000], [lr_at 0.000000], [time 0.0945]
12-27 12:27:24.848 [epoch 4], [iter 200 / 248 : 1192], [loss 0.216503], [lr 0.000000], [lr_at 0.000000], [time 0.0952]
12-27 12:27:53.749 validating: 1 / 250
12-27 12:27:57.258 validating: 21 / 250
12-27 12:28:00.526 validating: 41 / 250
12-27 12:28:03.809 validating: 61 / 250
12-27 12:28:07.038 validating: 81 / 250
12-27 12:28:10.268 validating: 101 / 250
12-27 12:28:13.522 validating: 121 / 250
12-27 12:28:16.729 validating: 141 / 250
12-27 12:28:19.946 validating: 161 / 250
12-27 12:28:23.140 validating: 181 / 250
12-27 12:28:26.381 validating: 201 / 250
12-27 12:28:29.599 validating: 221 / 250
12-27 12:28:32.773 validating: 241 / 250
12-27 12:28:34.257 IoU:
12-27 12:28:34.258 label_id      label    iU    Precision Recall TP     FP    FN
12-27 12:28:34.258  0                0    98.2    1.0       1.0   37.3     0.0     0.0
12-27 12:28:34.258  1                1    84.6    0.9       0.9    5.0     0.1     0.1
12-27 12:28:34.258  2                2    91.6    1.0       1.0   21.1     0.0     0.1
12-27 12:28:34.259  3                3    61.3    0.7       0.9    0.5     0.5     0.2
12-27 12:28:34.259  4                4    59.2    0.7       0.8    0.6     0.4     0.3
12-27 12:28:34.259  5                5    56.7    0.7       0.8    1.0     0.5     0.3
12-27 12:28:34.259  6                6    62.6    0.8       0.8    0.1     0.3     0.3
12-27 12:28:34.259  7                7    72.7    0.8       0.9    0.5     0.2     0.1
12-27 12:28:34.259  8                8    91.6    1.0       0.9   16.7     0.0     0.1
12-27 12:28:34.260  9                9    62.2    0.7       0.9    0.6     0.4     0.2
12-27 12:28:34.260 10               10    94.2    1.0       1.0    3.3     0.0     0.0
12-27 12:28:34.260 11               11    77.3    0.9       0.9    1.1     0.1     0.2
12-27 12:28:34.260 12               12    57.3    0.7       0.8    0.2     0.4     0.3
12-27 12:28:34.260 13               13    94.1    1.0       1.0    6.3     0.0     0.0
12-27 12:28:34.260 14               14    80.1    0.9       0.9    0.3     0.2     0.1
12-27 12:28:34.260 15               15    87.1    0.9       0.9    0.4     0.1     0.1
12-27 12:28:34.260 16               16    78.3    0.8       0.9    0.1     0.2     0.1
12-27 12:28:34.261 17               17    60.0    0.7       0.8    0.1     0.3     0.3
12-27 12:28:34.261 18               18    73.0    0.9       0.8    0.6     0.2     0.2
12-27 12:28:34.261 mean 0.7589056491851807
12-27 12:28:34.407 -----------------------------------------------------------------------------------------------------------
12-27 12:28:34.407 [epoch 5], [val loss 0.12746], [acc 0.95681], [acc_cls 0.83710], [mean_iu 0.75891], [fwavacc 0.92033]
12-27 12:28:34.408 best record: [val loss 0.12645], [acc 0.95697], [acc_cls 0.84178], [mean_iu 0.76102], [fwavacc 0.92073], [epoch 2], 
12-27 12:28:34.408 -----------------------------------------------------------------------------------------------------------
12-27 12:28:34.433 Class Uniform Percentage: 0.7
12-27 12:28:34.433 Class Uniform items per Epoch:2975
12-27 12:28:34.434 cls 0 len 5866
12-27 12:28:34.434 cls 1 len 5184
12-27 12:28:34.434 cls 2 len 5678
12-27 12:28:34.434 cls 3 len 1312
12-27 12:28:34.434 cls 4 len 1723
12-27 12:28:34.434 cls 5 len 5656
12-27 12:28:34.434 cls 6 len 2769
12-27 12:28:34.434 cls 7 len 4860
12-27 12:28:34.434 cls 8 len 5388
12-27 12:28:34.434 cls 9 len 2440
12-27 12:28:34.434 cls 10 len 4722
12-27 12:28:34.434 cls 11 len 3719
12-27 12:28:34.435 cls 12 len 1239
12-27 12:28:34.435 cls 13 len 5075
12-27 12:28:34.435 cls 14 len 444
12-27 12:28:34.435 cls 15 len 348
12-27 12:28:34.435 cls 16 len 188
12-27 12:28:34.435 cls 17 len 575
12-27 12:28:34.435 cls 18 len 2238
12-27 12:29:07.156 [epoch 5], [iter 50 / 248 : 1290], [loss 0.220239], [lr 0.000000], [lr_at 0.000000], [time 0.0937]
12-27 12:29:36.369 [epoch 5], [iter 100 / 248 : 1340], [loss 0.204650], [lr 0.000000], [lr_at 0.000000], [time 0.0939]
12-27 12:30:05.744 [epoch 5], [iter 150 / 248 : 1390], [loss 0.207855], [lr 0.000000], [lr_at 0.000000], [time 0.0945]
12-27 12:30:35.159 [epoch 5], [iter 200 / 248 : 1440], [loss 0.210548], [lr 0.000000], [lr_at 0.000000], [time 0.0947]
12-27 12:31:04.120 validating: 1 / 250
12-27 12:31:07.612 validating: 21 / 250
12-27 12:31:10.908 validating: 41 / 250
12-27 12:31:14.170 validating: 61 / 250
12-27 12:31:17.476 validating: 81 / 250
12-27 12:31:20.693 validating: 101 / 250
12-27 12:31:23.935 validating: 121 / 250
12-27 12:31:27.160 validating: 141 / 250
12-27 12:31:30.395 validating: 161 / 250
12-27 12:31:33.617 validating: 181 / 250
12-27 12:31:36.853 validating: 201 / 250
12-27 12:31:40.078 validating: 221 / 250
12-27 12:31:43.280 validating: 241 / 250
12-27 12:31:44.881 IoU:
12-27 12:31:44.881 label_id      label    iU    Precision Recall TP     FP    FN
12-27 12:31:44.881  0                0    98.2    1.0       1.0   37.3     0.0     0.0
12-27 12:31:44.881  1                1    84.6    0.9       0.9    4.9     0.1     0.1
12-27 12:31:44.882  2                2    91.7    1.0       1.0   21.1     0.0     0.1
12-27 12:31:44.882  3                3    62.2    0.7       0.9    0.5     0.4     0.2
12-27 12:31:44.882  4                4    59.1    0.7       0.8    0.6     0.4     0.3
12-27 12:31:44.882  5                5    56.8    0.7       0.8    1.0     0.5     0.3
12-27 12:31:44.882  6                6    62.7    0.8       0.8    0.1     0.3     0.3
12-27 12:31:44.882  7                7    72.9    0.8       0.9    0.5     0.2     0.1
12-27 12:31:44.882  8                8    91.6    1.0       1.0   16.7     0.0     0.1
12-27 12:31:44.882  9                9    62.7    0.7       0.9    0.6     0.4     0.2
12-27 12:31:44.883 10               10    94.2    1.0       1.0    3.3     0.0     0.0
12-27 12:31:44.883 11               11    77.2    0.9       0.9    1.1     0.1     0.2
12-27 12:31:44.883 12               12    57.2    0.7       0.8    0.1     0.4     0.3
12-27 12:31:44.883 13               13    94.2    1.0       1.0    6.3     0.0     0.0
12-27 12:31:44.883 14               14    81.5    0.9       0.9    0.3     0.1     0.1
12-27 12:31:44.883 15               15    87.1    0.9       0.9    0.4     0.1     0.1
12-27 12:31:44.883 16               16    78.1    0.9       0.9    0.1     0.2     0.1
12-27 12:31:44.884 17               17    60.1    0.7       0.8    0.1     0.4     0.3
12-27 12:31:44.884 18               18    73.0    0.9       0.8    0.6     0.2     0.2
12-27 12:31:44.884 mean 0.760535717010498
12-27 12:31:45.036 -----------------------------------------------------------------------------------------------------------
12-27 12:31:45.036 [epoch 6], [val loss 0.12658], [acc 0.95696], [acc_cls 0.84022], [mean_iu 0.76054], [fwavacc 0.92065]
12-27 12:31:45.036 best record: [val loss 0.12645], [acc 0.95697], [acc_cls 0.84178], [mean_iu 0.76102], [fwavacc 0.92073], [epoch 2], 
12-27 12:31:45.036 -----------------------------------------------------------------------------------------------------------
12-27 12:31:45.062 Class Uniform Percentage: 0.7
12-27 12:31:45.062 Class Uniform items per Epoch:2975
12-27 12:31:45.063 cls 0 len 5866
12-27 12:31:45.063 cls 1 len 5184
12-27 12:31:45.063 cls 2 len 5678
12-27 12:31:45.063 cls 3 len 1312
12-27 12:31:45.063 cls 4 len 1723
12-27 12:31:45.063 cls 5 len 5656
12-27 12:31:45.064 cls 6 len 2769
12-27 12:31:45.064 cls 7 len 4860
12-27 12:31:45.064 cls 8 len 5388
12-27 12:31:45.064 cls 9 len 2440
12-27 12:31:45.064 cls 10 len 4722
12-27 12:31:45.064 cls 11 len 3719
12-27 12:31:45.064 cls 12 len 1239
12-27 12:31:45.064 cls 13 len 5075
12-27 12:31:45.064 cls 14 len 444
12-27 12:31:45.064 cls 15 len 348
12-27 12:31:45.064 cls 16 len 188
12-27 12:31:45.064 cls 17 len 575
12-27 12:31:45.064 cls 18 len 2238
12-27 12:32:16.934 [epoch 6], [iter 50 / 248 : 1538], [loss 0.202765], [lr 0.000000], [lr_at 0.000000], [time 0.0938]
12-27 12:32:46.021 [epoch 6], [iter 100 / 248 : 1588], [loss 0.208992], [lr 0.000000], [lr_at 0.000000], [time 0.0942]
12-27 12:33:15.251 [epoch 6], [iter 150 / 248 : 1638], [loss 0.215780], [lr 0.000000], [lr_at 0.000000], [time 0.0947]
12-27 12:33:44.566 [epoch 6], [iter 200 / 248 : 1688], [loss 0.211150], [lr 0.000000], [lr_at 0.000000], [time 0.0949]
12-27 12:34:13.325 validating: 1 / 250
12-27 12:34:16.842 validating: 21 / 250
12-27 12:34:20.093 validating: 41 / 250
12-27 12:34:23.378 validating: 61 / 250
12-27 12:34:26.599 validating: 81 / 250
12-27 12:34:29.827 validating: 101 / 250
12-27 12:34:33.039 validating: 121 / 250
12-27 12:34:36.264 validating: 141 / 250
12-27 12:34:39.512 validating: 161 / 250
12-27 12:34:42.778 validating: 181 / 250
12-27 12:34:46.005 validating: 201 / 250
12-27 12:34:49.234 validating: 221 / 250
12-27 12:34:52.439 validating: 241 / 250
12-27 12:34:55.937 IoU:
12-27 12:34:55.937 label_id      label    iU    Precision Recall TP     FP    FN
12-27 12:34:55.937  0                0    98.2    1.0       1.0   37.3     0.0     0.0
12-27 12:34:55.937  1                1    84.4    0.9       0.9    4.9     0.1     0.1
12-27 12:34:55.937  2                2    91.6    1.0       1.0   21.1     0.0     0.1
12-27 12:34:55.938  3                3    60.7    0.7       0.9    0.5     0.5     0.2
12-27 12:34:55.938  4                4    59.1    0.7       0.8    0.6     0.4     0.3
12-27 12:34:55.938  5                5    56.5    0.7       0.8    1.0     0.5     0.3
12-27 12:34:55.938  6                6    62.5    0.8       0.8    0.1     0.3     0.3
12-27 12:34:55.938  7                7    72.8    0.8       0.9    0.5     0.2     0.1
12-27 12:34:55.938  8                8    91.5    1.0       0.9   16.7     0.0     0.1
12-27 12:34:55.938  9                9    60.7    0.7       0.9    0.6     0.5     0.2
12-27 12:34:55.939 10               10    94.2    1.0       1.0    3.3     0.0     0.0
12-27 12:34:55.939 11               11    77.2    0.9       0.9    1.1     0.1     0.2
12-27 12:34:55.939 12               12    57.1    0.7       0.8    0.1     0.4     0.3
12-27 12:34:55.939 13               13    94.1    1.0       1.0    6.3     0.0     0.0
12-27 12:34:55.939 14               14    80.7    0.9       0.9    0.3     0.1     0.1
12-27 12:34:55.939 15               15    86.9    0.9       0.9    0.4     0.1     0.1
12-27 12:34:55.939 16               16    77.7    0.9       0.9    0.1     0.2     0.1
12-27 12:34:55.939 17               17    60.0    0.7       0.8    0.1     0.4     0.3
12-27 12:34:55.940 18               18    72.9    0.9       0.8    0.6     0.2     0.2
12-27 12:34:55.940 mean 0.7573466897010803
12-27 12:34:56.091 -----------------------------------------------------------------------------------------------------------
12-27 12:34:56.091 [epoch 7], [val loss 0.12873], [acc 0.95655], [acc_cls 0.83633], [mean_iu 0.75735], [fwavacc 0.91986]
12-27 12:34:56.092 best record: [val loss 0.12645], [acc 0.95697], [acc_cls 0.84178], [mean_iu 0.76102], [fwavacc 0.92073], [epoch 2], 
12-27 12:34:56.092 -----------------------------------------------------------------------------------------------------------
12-27 12:34:56.117 Class Uniform Percentage: 0.7
12-27 12:34:56.117 Class Uniform items per Epoch:2975
12-27 12:34:56.118 cls 0 len 5866
12-27 12:34:56.118 cls 1 len 5184
12-27 12:34:56.118 cls 2 len 5678
12-27 12:34:56.118 cls 3 len 1312
12-27 12:34:56.118 cls 4 len 1723
12-27 12:34:56.118 cls 5 len 5656
12-27 12:34:56.118 cls 6 len 2769
12-27 12:34:56.118 cls 7 len 4860
12-27 12:34:56.118 cls 8 len 5388
12-27 12:34:56.118 cls 9 len 2440
12-27 12:34:56.119 cls 10 len 4722
12-27 12:34:56.119 cls 11 len 3719
12-27 12:34:56.119 cls 12 len 1239
12-27 12:34:56.119 cls 13 len 5075
12-27 12:34:56.119 cls 14 len 444
12-27 12:34:56.119 cls 15 len 348
12-27 12:34:56.119 cls 16 len 188
12-27 12:34:56.119 cls 17 len 575
12-27 12:34:56.119 cls 18 len 2238
12-27 12:35:28.746 [epoch 7], [iter 50 / 248 : 1786], [loss 0.212893], [lr 0.000000], [lr_at 0.000000], [time 0.0963]
12-27 12:35:58.455 [epoch 7], [iter 100 / 248 : 1836], [loss 0.219906], [lr 0.000000], [lr_at 0.000000], [time 0.0953]
12-27 12:36:28.120 [epoch 7], [iter 150 / 248 : 1886], [loss 0.206012], [lr 0.000000], [lr_at 0.000000], [time 0.0952]
12-27 12:36:57.827 [epoch 7], [iter 200 / 248 : 1936], [loss 0.207907], [lr 0.000000], [lr_at 0.000000], [time 0.0953]
12-27 12:37:27.070 validating: 1 / 250
12-27 12:37:30.705 validating: 21 / 250
12-27 12:37:34.114 validating: 41 / 250
12-27 12:37:37.562 validating: 61 / 250
12-27 12:37:40.942 validating: 81 / 250
12-27 12:37:44.327 validating: 101 / 250
12-27 12:37:47.702 validating: 121 / 250
12-27 12:37:51.211 validating: 141 / 250
12-27 12:37:54.590 validating: 161 / 250
12-27 12:37:57.966 validating: 181 / 250
12-27 12:38:01.341 validating: 201 / 250
12-27 12:38:04.671 validating: 221 / 250
12-27 12:38:07.939 validating: 241 / 250
12-27 12:38:09.513 IoU:
12-27 12:38:09.513 label_id      label    iU    Precision Recall TP     FP    FN
12-27 12:38:09.513  0                0    98.2    1.0       1.0   37.3     0.0     0.0
12-27 12:38:09.513  1                1    84.6    0.9       0.9    4.9     0.1     0.1
12-27 12:38:09.514  2                2    91.7    1.0       1.0   21.1     0.0     0.0
12-27 12:38:09.514  3                3    61.2    0.7       0.9    0.5     0.5     0.2
12-27 12:38:09.514  4                4    59.5    0.7       0.8    0.6     0.4     0.3
12-27 12:38:09.514  5                5    56.8    0.7       0.8    1.0     0.5     0.3
12-27 12:38:09.515  6                6    62.6    0.8       0.8    0.2     0.3     0.3
12-27 12:38:09.515  7                7    72.7    0.8       0.9    0.5     0.2     0.1
12-27 12:38:09.515  8                8    91.5    1.0       0.9   16.7     0.0     0.1
12-27 12:38:09.515  9                9    61.9    0.7       0.9    0.6     0.4     0.2
12-27 12:38:09.516 10               10    94.2    1.0       1.0    3.3     0.0     0.0
12-27 12:38:09.516 11               11    77.2    0.9       0.9    1.1     0.1     0.2
12-27 12:38:09.516 12               12    57.1    0.7       0.8    0.1     0.5     0.3
12-27 12:38:09.516 13               13    94.2    1.0       1.0    6.3     0.0     0.0
12-27 12:38:09.517 14               14    81.2    0.9       0.9    0.3     0.2     0.1
12-27 12:38:09.517 15               15    87.0    0.9       0.9    0.4     0.1     0.1
12-27 12:38:09.517 16               16    77.2    0.8       0.9    0.1     0.2     0.1
12-27 12:38:09.517 17               17    60.0    0.7       0.8    0.1     0.4     0.3
12-27 12:38:09.518 18               18    73.0    0.9       0.8    0.6     0.2     0.2
12-27 12:38:09.518 mean 0.7587578296661377
12-27 12:38:09.707 -----------------------------------------------------------------------------------------------------------
12-27 12:38:09.707 [epoch 8], [val loss 0.12772], [acc 0.95679], [acc_cls 0.83771], [mean_iu 0.75876], [fwavacc 0.92030]
12-27 12:38:09.708 best record: [val loss 0.12645], [acc 0.95697], [acc_cls 0.84178], [mean_iu 0.76102], [fwavacc 0.92073], [epoch 2], 
12-27 12:38:09.708 -----------------------------------------------------------------------------------------------------------
12-27 12:38:09.740 Class Uniform Percentage: 0.7
12-27 12:38:09.740 Class Uniform items per Epoch:2975
12-27 12:38:09.741 cls 0 len 5866
12-27 12:38:09.742 cls 1 len 5184
12-27 12:38:09.742 cls 2 len 5678
12-27 12:38:09.742 cls 3 len 1312
12-27 12:38:09.742 cls 4 len 1723
12-27 12:38:09.742 cls 5 len 5656
12-27 12:38:09.742 cls 6 len 2769
12-27 12:38:09.742 cls 7 len 4860
12-27 12:38:09.742 cls 8 len 5388
12-27 12:38:09.742 cls 9 len 2440
12-27 12:38:09.743 cls 10 len 4722
12-27 12:38:09.743 cls 11 len 3719
12-27 12:38:09.743 cls 12 len 1239
12-27 12:38:09.743 cls 13 len 5075
12-27 12:38:09.743 cls 14 len 444
12-27 12:38:09.743 cls 15 len 348
12-27 12:38:09.743 cls 16 len 188
12-27 12:38:09.743 cls 17 len 575
12-27 12:38:09.743 cls 18 len 2238
12-27 12:38:24.449 validating: 1 / 250
12-27 12:38:27.971 validating: 21 / 250
12-27 12:38:31.292 validating: 41 / 250
12-27 12:38:34.665 validating: 61 / 250
12-27 12:38:38.012 validating: 81 / 250
12-27 12:38:41.378 validating: 101 / 250
12-27 12:38:44.774 validating: 121 / 250
12-27 12:38:48.128 validating: 141 / 250
12-27 12:38:51.493 validating: 161 / 250
12-27 12:38:54.873 validating: 181 / 250
12-27 12:38:58.237 validating: 201 / 250
12-27 12:39:01.593 validating: 221 / 250
12-27 12:39:04.849 validating: 241 / 250
12-27 12:39:06.465 IoU:
12-27 12:39:06.465 label_id      label    iU    Precision Recall TP     FP    FN
12-27 12:39:06.465  0                0    98.2    1.0       1.0   37.4     0.0     0.0
12-27 12:39:06.466  1                1    84.6    0.9       0.9    4.9     0.1     0.1
12-27 12:39:06.466  2                2    91.6    1.0       1.0   21.1     0.0     0.1
12-27 12:39:06.466  3                3    60.3    0.7       0.9    0.5     0.5     0.2
12-27 12:39:06.466  4                4    59.4    0.7       0.8    0.6     0.4     0.3
12-27 12:39:06.466  5                5    56.6    0.7       0.8    1.0     0.5     0.3
12-27 12:39:06.466  6                6    62.7    0.8       0.8    0.1     0.3     0.3
12-27 12:39:06.466  7                7    72.7    0.8       0.9    0.5     0.2     0.1
12-27 12:39:06.467  8                8    91.5    1.0       0.9   16.7     0.0     0.1
12-27 12:39:06.467  9                9    61.2    0.7       0.9    0.6     0.5     0.2
12-27 12:39:06.467 10               10    94.2    1.0       1.0    3.3     0.0     0.0
12-27 12:39:06.467 11               11    77.2    0.9       0.9    1.1     0.1     0.2
12-27 12:39:06.467 12               12    57.1    0.7       0.8    0.1     0.4     0.3
12-27 12:39:06.467 13               13    94.1    1.0       1.0    6.3     0.0     0.0
12-27 12:39:06.467 14               14    81.2    0.9       0.9    0.3     0.1     0.1
12-27 12:39:06.467 15               15    87.0    0.9       0.9    0.4     0.1     0.1
12-27 12:39:06.468 16               16    77.6    0.8       0.9    0.1     0.2     0.1
12-27 12:39:06.468 17               17    60.1    0.7       0.8    0.1     0.3     0.3
12-27 12:39:06.468 18               18    73.0    0.9       0.8    0.6     0.2     0.2
12-27 12:39:06.468 mean 0.7580647468566895
12-27 12:39:06.632 -----------------------------------------------------------------------------------------------------------
12-27 12:39:06.632 [epoch 9], [val loss 0.12795], [acc 0.95668], [acc_cls 0.83794], [mean_iu 0.75806], [fwavacc 0.92012]
12-27 12:39:06.632 best record: [val loss 0.12645], [acc 0.95697], [acc_cls 0.84178], [mean_iu 0.76102], [fwavacc 0.92073], [epoch 2], 
12-27 12:39:06.633 -----------------------------------------------------------------------------------------------------------
12-27 12:39:06.660 Class Uniform Percentage: 0.7
12-27 12:39:06.660 Class Uniform items per Epoch:2975
12-27 12:39:06.661 cls 0 len 5866
12-27 12:39:06.661 cls 1 len 5184
12-27 12:39:06.661 cls 2 len 5678
12-27 12:39:06.661 cls 3 len 1312
12-27 12:39:06.662 cls 4 len 1723
12-27 12:39:06.662 cls 5 len 5656
12-27 12:39:06.662 cls 6 len 2769
12-27 12:39:06.662 cls 7 len 4860
12-27 12:39:06.662 cls 8 len 5388
12-27 12:39:06.662 cls 9 len 2440
12-27 12:39:06.662 cls 10 len 4722
12-27 12:39:06.662 cls 11 len 3719
12-27 12:39:06.662 cls 12 len 1239
12-27 12:39:06.662 cls 13 len 5075
12-27 12:39:06.662 cls 14 len 444
12-27 12:39:06.662 cls 15 len 348
12-27 12:39:06.663 cls 16 len 188
12-27 12:39:06.663 cls 17 len 575
12-27 12:39:06.663 cls 18 len 2238
